   0  $accept : Program $end

   1  Program : ClassList

   2  ClassList : ClassList ClassDef
   3            | ClassDef

   4  VariableDef : Variable ';'

   5  Variable : Type IDENTIFIER

   6  Type : INT
   7       | VOID
   8       | BOOL
   9       | STRING
  10       | COMPLEX
  11       | CLASS IDENTIFIER
  12       | Type '[' ']'

  13  ClassDef : CLASS IDENTIFIER ExtendsClause '{' FieldList '}'

  14  ExtendsClause : EXTENDS IDENTIFIER
  15                |

  16  FieldList : FieldList VariableDef
  17            | FieldList FunctionDef
  18            |

  19  Formals : VariableList
  20          |

  21  VariableList : VariableList ',' Variable
  22               | Variable

  23  FunctionDef : STATIC Type IDENTIFIER '(' Formals ')' StmtBlock
  24              | Type IDENTIFIER '(' Formals ')' StmtBlock

  25  StmtBlock : '{' StmtList '}'

  26  StmtList : StmtList Stmt
  27           |

  28  Stmt : VariableDef
  29       | SimpleStmt ';'
  30       | IfStmt
  31       | WhileStmt
  32       | ForStmt
  33       | ReturnStmt ';'
  34       | PrintStmt ';'
  35       | PrintCompStmt ';'
  36       | BreakStmt ';'
  37       | StmtBlock
  38       | DoStmt

  39  SimpleStmt : LValue '=' Expr
  40             | Call
  41             |

  42  DoStmt : DO DoBranchList DoSubStmt OD

  43  DoSubStmt : Expr ':' Stmt

  44  DoBranch : DoSubStmt DO_SEP

  45  DoBranchList : DoBranchList DoBranch
  46               |

  47  Receiver : Expr '.'
  48           |

  49  LValue : Receiver IDENTIFIER
  50         | Expr '[' Expr ']'

  51  Call : Receiver IDENTIFIER '(' Actuals ')'

  52  Expr : LValue
  53       | Call
  54       | Constant
  55       | Expr '+' Expr
  56       | Expr '-' Expr
  57       | Expr '*' Expr
  58       | Expr '/' Expr
  59       | Expr '%' Expr
  60       | Expr EQUAL Expr
  61       | Expr NOT_EQUAL Expr
  62       | Expr '<' Expr
  63       | Expr '>' Expr
  64       | Expr LESS_EQUAL Expr
  65       | Expr GREATER_EQUAL Expr
  66       | Expr AND Expr
  67       | Expr OR Expr
  68       | '(' Expr ')'
  69       | '-' Expr
  70       | '!' Expr
  71       | '@' Expr
  72       | '$' Expr
  73       | '#' Expr
  74       | READ_INTEGER '(' ')'
  75       | READ_LINE '(' ')'
  76       | THIS
  77       | SUPER
  78       | NEW IDENTIFIER '(' ')'
  79       | NEW Type '[' Expr ']'
  80       | INSTANCEOF '(' Expr ',' IDENTIFIER ')'
  81       | '(' CLASS IDENTIFIER ')' Expr
  82       | CASE '(' Expr ')' '{' CaseItems DefaultItem '}'
  83       | CASE '(' Expr ')' '{' DefaultItem '}'
  84       | DCOPY '(' Expr ')'
  85       | SCOPY '(' Expr ')'

  86  Constant : LITERAL
  87           | NULL

  88  Actuals : ExprList
  89          |

  90  ExprList : ExprList ',' Expr
  91           | Expr

  92  WhileStmt : WHILE '(' Expr ')' Stmt

  93  ForStmt : FOR '(' SimpleStmt ';' Expr ';' SimpleStmt ')' Stmt

  94  BreakStmt : BREAK

  95  IfStmt : IF '(' Expr ')' Stmt ElseClause

  96  CaseItem : Constant ':' Expr ';'

  97  DefaultItem : DEFAULT ':' Expr ';'

  98  CaseItems : CaseItems CaseItem
  99            | CaseItem

 100  ElseClause : ELSE Stmt
 101             |

 102  ReturnStmt : RETURN Expr
 103             | RETURN

 104  PrintStmt : PRINT '(' ExprList ')'

 105  PrintCompStmt : PRINTCOMP '(' ExprList ')'

state 0
	$accept : . Program $end  (0)

	CLASS  shift 1
	.  error

	Program  goto 2
	ClassList  goto 3
	ClassDef  goto 4


state 1
	ClassDef : CLASS . IDENTIFIER ExtendsClause '{' FieldList '}'  (13)

	IDENTIFIER  shift 5
	.  error


state 2
	$accept : Program . $end  (0)

	$end  accept


state 3
	Program : ClassList .  (1)
	ClassList : ClassList . ClassDef  (2)

	CLASS  shift 1
	$end  reduce 1

	ClassDef  goto 6


state 4
	ClassList : ClassDef .  (3)

	.  reduce 3


state 5
	ClassDef : CLASS IDENTIFIER . ExtendsClause '{' FieldList '}'  (13)
	ExtendsClause : .  (15)

	EXTENDS  shift 7
	'{'  reduce 15

	ExtendsClause  goto 8


state 6
	ClassList : ClassList ClassDef .  (2)

	.  reduce 2


state 7
	ExtendsClause : EXTENDS . IDENTIFIER  (14)

	IDENTIFIER  shift 9
	.  error


state 8
	ClassDef : CLASS IDENTIFIER ExtendsClause . '{' FieldList '}'  (13)

	'{'  shift 10
	.  error


state 9
	ExtendsClause : EXTENDS IDENTIFIER .  (14)

	.  reduce 14


state 10
	ClassDef : CLASS IDENTIFIER ExtendsClause '{' . FieldList '}'  (13)
	FieldList : .  (18)

	.  reduce 18

	FieldList  goto 11


state 11
	ClassDef : CLASS IDENTIFIER ExtendsClause '{' FieldList . '}'  (13)
	FieldList : FieldList . VariableDef  (16)
	FieldList : FieldList . FunctionDef  (17)

	VOID  shift 12
	BOOL  shift 13
	INT  shift 14
	STRING  shift 15
	CLASS  shift 16
	STATIC  shift 17
	'}'  shift 18
	COMPLEX  shift 19
	.  error

	VariableDef  goto 20
	Variable  goto 21
	Type  goto 22
	FunctionDef  goto 23


state 12
	Type : VOID .  (7)

	.  reduce 7


state 13
	Type : BOOL .  (8)

	.  reduce 8


state 14
	Type : INT .  (6)

	.  reduce 6


state 15
	Type : STRING .  (9)

	.  reduce 9


state 16
	Type : CLASS . IDENTIFIER  (11)

	IDENTIFIER  shift 24
	.  error


state 17
	FunctionDef : STATIC . Type IDENTIFIER '(' Formals ')' StmtBlock  (23)

	VOID  shift 12
	BOOL  shift 13
	INT  shift 14
	STRING  shift 15
	CLASS  shift 16
	COMPLEX  shift 19
	.  error

	Type  goto 25


state 18
	ClassDef : CLASS IDENTIFIER ExtendsClause '{' FieldList '}' .  (13)

	.  reduce 13


state 19
	Type : COMPLEX .  (10)

	.  reduce 10


state 20
	FieldList : FieldList VariableDef .  (16)

	.  reduce 16


state 21
	VariableDef : Variable . ';'  (4)

	';'  shift 26
	.  error


state 22
	Variable : Type . IDENTIFIER  (5)
	Type : Type . '[' ']'  (12)
	FunctionDef : Type . IDENTIFIER '(' Formals ')' StmtBlock  (24)

	IDENTIFIER  shift 27
	'['  shift 28
	.  error


state 23
	FieldList : FieldList FunctionDef .  (17)

	.  reduce 17


state 24
	Type : CLASS IDENTIFIER .  (11)

	.  reduce 11


state 25
	Type : Type . '[' ']'  (12)
	FunctionDef : STATIC Type . IDENTIFIER '(' Formals ')' StmtBlock  (23)

	IDENTIFIER  shift 29
	'['  shift 28
	.  error


state 26
	VariableDef : Variable ';' .  (4)

	.  reduce 4


state 27
	Variable : Type IDENTIFIER .  (5)
	FunctionDef : Type IDENTIFIER . '(' Formals ')' StmtBlock  (24)

	'('  shift 30
	';'  reduce 5


state 28
	Type : Type '[' . ']'  (12)

	']'  shift 31
	.  error


state 29
	FunctionDef : STATIC Type IDENTIFIER . '(' Formals ')' StmtBlock  (23)

	'('  shift 32
	.  error


state 30
	FunctionDef : Type IDENTIFIER '(' . Formals ')' StmtBlock  (24)
	Formals : .  (20)

	VOID  shift 12
	BOOL  shift 13
	INT  shift 14
	STRING  shift 15
	CLASS  shift 16
	COMPLEX  shift 19
	')'  reduce 20

	Variable  goto 33
	Type  goto 34
	Formals  goto 35
	VariableList  goto 36


state 31
	Type : Type '[' ']' .  (12)

	.  reduce 12


state 32
	FunctionDef : STATIC Type IDENTIFIER '(' . Formals ')' StmtBlock  (23)
	Formals : .  (20)

	VOID  shift 12
	BOOL  shift 13
	INT  shift 14
	STRING  shift 15
	CLASS  shift 16
	COMPLEX  shift 19
	')'  reduce 20

	Variable  goto 33
	Type  goto 34
	Formals  goto 37
	VariableList  goto 36


state 33
	VariableList : Variable .  (22)

	.  reduce 22


state 34
	Variable : Type . IDENTIFIER  (5)
	Type : Type . '[' ']'  (12)

	IDENTIFIER  shift 38
	'['  shift 28
	.  error


state 35
	FunctionDef : Type IDENTIFIER '(' Formals . ')' StmtBlock  (24)

	')'  shift 39
	.  error


state 36
	Formals : VariableList .  (19)
	VariableList : VariableList . ',' Variable  (21)

	','  shift 40
	')'  reduce 19


state 37
	FunctionDef : STATIC Type IDENTIFIER '(' Formals . ')' StmtBlock  (23)

	')'  shift 41
	.  error


state 38
	Variable : Type IDENTIFIER .  (5)

	.  reduce 5


state 39
	FunctionDef : Type IDENTIFIER '(' Formals ')' . StmtBlock  (24)

	'{'  shift 42
	.  error

	StmtBlock  goto 43


state 40
	VariableList : VariableList ',' . Variable  (21)

	VOID  shift 12
	BOOL  shift 13
	INT  shift 14
	STRING  shift 15
	CLASS  shift 16
	COMPLEX  shift 19
	.  error

	Variable  goto 44
	Type  goto 34


state 41
	FunctionDef : STATIC Type IDENTIFIER '(' Formals ')' . StmtBlock  (23)

	'{'  shift 42
	.  error

	StmtBlock  goto 45


state 42
	StmtBlock : '{' . StmtList '}'  (25)
	StmtList : .  (27)

	.  reduce 27

	StmtList  goto 46


state 43
	FunctionDef : Type IDENTIFIER '(' Formals ')' StmtBlock .  (24)

	.  reduce 24


state 44
	VariableList : VariableList ',' Variable .  (21)

	.  reduce 21


state 45
	FunctionDef : STATIC Type IDENTIFIER '(' Formals ')' StmtBlock .  (23)

	.  reduce 23


state 46
	StmtBlock : '{' StmtList . '}'  (25)
	StmtList : StmtList . Stmt  (26)
	SimpleStmt : .  (41)
	Receiver : .  (48)

	VOID  shift 12
	BOOL  shift 13
	INT  shift 14
	STRING  shift 15
	CLASS  shift 16
	NULL  shift 47
	THIS  shift 48
	WHILE  shift 49
	FOR  shift 50
	IF  shift 51
	RETURN  shift 52
	BREAK  shift 53
	NEW  shift 54
	PRINT  shift 55
	PRINTCOMP  shift 56
	READ_INTEGER  shift 57
	READ_LINE  shift 58
	LITERAL  shift 59
	INSTANCEOF  shift 60
	'-'  shift 61
	'!'  shift 62
	'('  shift 63
	'{'  shift 42
	'}'  shift 64
	COMPLEX  shift 19
	CASE  shift 65
	SUPER  shift 66
	DO  shift 67
	DCOPY  shift 68
	SCOPY  shift 69
	'@'  shift 70
	'#'  shift 71
	'$'  shift 72
	IDENTIFIER  reduce 48
	';'  reduce 41

	VariableDef  goto 73
	Variable  goto 21
	Type  goto 34
	StmtBlock  goto 74
	Stmt  goto 75
	SimpleStmt  goto 76
	IfStmt  goto 77
	WhileStmt  goto 78
	ForStmt  goto 79
	ReturnStmt  goto 80
	PrintStmt  goto 81
	PrintCompStmt  goto 82
	BreakStmt  goto 83
	DoStmt  goto 84
	LValue  goto 85
	Expr  goto 86
	Call  goto 87
	Receiver  goto 88
	Constant  goto 89


state 47
	Constant : NULL .  (87)

	.  reduce 87


state 48
	Expr : THIS .  (76)

	.  reduce 76


state 49
	WhileStmt : WHILE . '(' Expr ')' Stmt  (92)

	'('  shift 90
	.  error


state 50
	ForStmt : FOR . '(' SimpleStmt ';' Expr ';' SimpleStmt ')' Stmt  (93)

	'('  shift 91
	.  error


state 51
	IfStmt : IF . '(' Expr ')' Stmt ElseClause  (95)

	'('  shift 92
	.  error


state 52
	ReturnStmt : RETURN . Expr  (102)
	ReturnStmt : RETURN .  (103)
	Receiver : .  (48)

	NULL  shift 47
	THIS  shift 48
	NEW  shift 54
	READ_INTEGER  shift 57
	READ_LINE  shift 58
	LITERAL  shift 59
	INSTANCEOF  shift 60
	'-'  shift 61
	'!'  shift 62
	'('  shift 63
	CASE  shift 65
	SUPER  shift 66
	DCOPY  shift 68
	SCOPY  shift 69
	'@'  shift 70
	'#'  shift 71
	'$'  shift 72
	IDENTIFIER  reduce 48
	';'  reduce 103

	LValue  goto 93
	Expr  goto 94
	Call  goto 95
	Receiver  goto 88
	Constant  goto 89


state 53
	BreakStmt : BREAK .  (94)

	.  reduce 94


state 54
	Expr : NEW . IDENTIFIER '(' ')'  (78)
	Expr : NEW . Type '[' Expr ']'  (79)

	VOID  shift 12
	BOOL  shift 13
	INT  shift 14
	STRING  shift 15
	CLASS  shift 16
	IDENTIFIER  shift 96
	COMPLEX  shift 19
	.  error

	Type  goto 97


state 55
	PrintStmt : PRINT . '(' ExprList ')'  (104)

	'('  shift 98
	.  error


state 56
	PrintCompStmt : PRINTCOMP . '(' ExprList ')'  (105)

	'('  shift 99
	.  error


state 57
	Expr : READ_INTEGER . '(' ')'  (74)

	'('  shift 100
	.  error


state 58
	Expr : READ_LINE . '(' ')'  (75)

	'('  shift 101
	.  error


state 59
	Constant : LITERAL .  (86)

	.  reduce 86


state 60
	Expr : INSTANCEOF . '(' Expr ',' IDENTIFIER ')'  (80)

	'('  shift 102
	.  error


state 61
	Expr : '-' . Expr  (69)
	Receiver : .  (48)

	NULL  shift 47
	THIS  shift 48
	NEW  shift 54
	READ_INTEGER  shift 57
	READ_LINE  shift 58
	LITERAL  shift 59
	INSTANCEOF  shift 60
	'-'  shift 61
	'!'  shift 62
	'('  shift 63
	CASE  shift 65
	SUPER  shift 66
	DCOPY  shift 68
	SCOPY  shift 69
	'@'  shift 70
	'#'  shift 71
	'$'  shift 72
	IDENTIFIER  reduce 48

	LValue  goto 93
	Expr  goto 103
	Call  goto 95
	Receiver  goto 88
	Constant  goto 89


state 62
	Expr : '!' . Expr  (70)
	Receiver : .  (48)

	NULL  shift 47
	THIS  shift 48
	NEW  shift 54
	READ_INTEGER  shift 57
	READ_LINE  shift 58
	LITERAL  shift 59
	INSTANCEOF  shift 60
	'-'  shift 61
	'!'  shift 62
	'('  shift 63
	CASE  shift 65
	SUPER  shift 66
	DCOPY  shift 68
	SCOPY  shift 69
	'@'  shift 70
	'#'  shift 71
	'$'  shift 72
	IDENTIFIER  reduce 48

	LValue  goto 93
	Expr  goto 104
	Call  goto 95
	Receiver  goto 88
	Constant  goto 89


state 63
	Expr : '(' . Expr ')'  (68)
	Expr : '(' . CLASS IDENTIFIER ')' Expr  (81)
	Receiver : .  (48)

	CLASS  shift 105
	NULL  shift 47
	THIS  shift 48
	NEW  shift 54
	READ_INTEGER  shift 57
	READ_LINE  shift 58
	LITERAL  shift 59
	INSTANCEOF  shift 60
	'-'  shift 61
	'!'  shift 62
	'('  shift 63
	CASE  shift 65
	SUPER  shift 66
	DCOPY  shift 68
	SCOPY  shift 69
	'@'  shift 70
	'#'  shift 71
	'$'  shift 72
	IDENTIFIER  reduce 48

	LValue  goto 93
	Expr  goto 106
	Call  goto 95
	Receiver  goto 88
	Constant  goto 89


state 64
	StmtBlock : '{' StmtList '}' .  (25)

	.  reduce 25


state 65
	Expr : CASE . '(' Expr ')' '{' CaseItems DefaultItem '}'  (82)
	Expr : CASE . '(' Expr ')' '{' DefaultItem '}'  (83)

	'('  shift 107
	.  error


state 66
	Expr : SUPER .  (77)

	.  reduce 77


state 67
	DoStmt : DO . DoBranchList DoSubStmt OD  (42)
	DoBranchList : .  (46)

	.  reduce 46

	DoBranchList  goto 108


state 68
	Expr : DCOPY . '(' Expr ')'  (84)

	'('  shift 109
	.  error


state 69
	Expr : SCOPY . '(' Expr ')'  (85)

	'('  shift 110
	.  error


state 70
	Expr : '@' . Expr  (71)
	Receiver : .  (48)

	NULL  shift 47
	THIS  shift 48
	NEW  shift 54
	READ_INTEGER  shift 57
	READ_LINE  shift 58
	LITERAL  shift 59
	INSTANCEOF  shift 60
	'-'  shift 61
	'!'  shift 62
	'('  shift 63
	CASE  shift 65
	SUPER  shift 66
	DCOPY  shift 68
	SCOPY  shift 69
	'@'  shift 70
	'#'  shift 71
	'$'  shift 72
	IDENTIFIER  reduce 48

	LValue  goto 93
	Expr  goto 111
	Call  goto 95
	Receiver  goto 88
	Constant  goto 89


state 71
	Expr : '#' . Expr  (73)
	Receiver : .  (48)

	NULL  shift 47
	THIS  shift 48
	NEW  shift 54
	READ_INTEGER  shift 57
	READ_LINE  shift 58
	LITERAL  shift 59
	INSTANCEOF  shift 60
	'-'  shift 61
	'!'  shift 62
	'('  shift 63
	CASE  shift 65
	SUPER  shift 66
	DCOPY  shift 68
	SCOPY  shift 69
	'@'  shift 70
	'#'  shift 71
	'$'  shift 72
	IDENTIFIER  reduce 48

	LValue  goto 93
	Expr  goto 112
	Call  goto 95
	Receiver  goto 88
	Constant  goto 89


state 72
	Expr : '$' . Expr  (72)
	Receiver : .  (48)

	NULL  shift 47
	THIS  shift 48
	NEW  shift 54
	READ_INTEGER  shift 57
	READ_LINE  shift 58
	LITERAL  shift 59
	INSTANCEOF  shift 60
	'-'  shift 61
	'!'  shift 62
	'('  shift 63
	CASE  shift 65
	SUPER  shift 66
	DCOPY  shift 68
	SCOPY  shift 69
	'@'  shift 70
	'#'  shift 71
	'$'  shift 72
	IDENTIFIER  reduce 48

	LValue  goto 93
	Expr  goto 113
	Call  goto 95
	Receiver  goto 88
	Constant  goto 89


state 73
	Stmt : VariableDef .  (28)

	.  reduce 28


state 74
	Stmt : StmtBlock .  (37)

	.  reduce 37


state 75
	StmtList : StmtList Stmt .  (26)

	.  reduce 26


state 76
	Stmt : SimpleStmt . ';'  (29)

	';'  shift 114
	.  error


state 77
	Stmt : IfStmt .  (30)

	.  reduce 30


state 78
	Stmt : WhileStmt .  (31)

	.  reduce 31


state 79
	Stmt : ForStmt .  (32)

	.  reduce 32


state 80
	Stmt : ReturnStmt . ';'  (33)

	';'  shift 115
	.  error


state 81
	Stmt : PrintStmt . ';'  (34)

	';'  shift 116
	.  error


state 82
	Stmt : PrintCompStmt . ';'  (35)

	';'  shift 117
	.  error


state 83
	Stmt : BreakStmt . ';'  (36)

	';'  shift 118
	.  error


state 84
	Stmt : DoStmt .  (38)

	.  reduce 38


state 85
	SimpleStmt : LValue . '=' Expr  (39)
	Expr : LValue .  (52)

	'='  shift 119
	AND  reduce 52
	OR  reduce 52
	LESS_EQUAL  reduce 52
	GREATER_EQUAL  reduce 52
	EQUAL  reduce 52
	NOT_EQUAL  reduce 52
	'+'  reduce 52
	'-'  reduce 52
	'*'  reduce 52
	'/'  reduce 52
	'%'  reduce 52
	'>'  reduce 52
	'<'  reduce 52
	'.'  reduce 52
	'['  reduce 52


state 86
	Receiver : Expr . '.'  (47)
	LValue : Expr . '[' Expr ']'  (50)
	Expr : Expr . '+' Expr  (55)
	Expr : Expr . '-' Expr  (56)
	Expr : Expr . '*' Expr  (57)
	Expr : Expr . '/' Expr  (58)
	Expr : Expr . '%' Expr  (59)
	Expr : Expr . EQUAL Expr  (60)
	Expr : Expr . NOT_EQUAL Expr  (61)
	Expr : Expr . '<' Expr  (62)
	Expr : Expr . '>' Expr  (63)
	Expr : Expr . LESS_EQUAL Expr  (64)
	Expr : Expr . GREATER_EQUAL Expr  (65)
	Expr : Expr . AND Expr  (66)
	Expr : Expr . OR Expr  (67)

	AND  shift 120
	OR  shift 121
	LESS_EQUAL  shift 122
	GREATER_EQUAL  shift 123
	EQUAL  shift 124
	NOT_EQUAL  shift 125
	'+'  shift 126
	'-'  shift 127
	'*'  shift 128
	'/'  shift 129
	'%'  shift 130
	'>'  shift 131
	'<'  shift 132
	'.'  shift 133
	'['  shift 134
	.  error


state 87
	SimpleStmt : Call .  (40)
	Expr : Call .  (53)

	AND  reduce 53
	OR  reduce 53
	LESS_EQUAL  reduce 53
	GREATER_EQUAL  reduce 53
	EQUAL  reduce 53
	NOT_EQUAL  reduce 53
	'+'  reduce 53
	'-'  reduce 53
	'*'  reduce 53
	'/'  reduce 53
	'%'  reduce 53
	'>'  reduce 53
	'<'  reduce 53
	'.'  reduce 53
	';'  reduce 40
	')'  reduce 40
	'['  reduce 53


state 88
	LValue : Receiver . IDENTIFIER  (49)
	Call : Receiver . IDENTIFIER '(' Actuals ')'  (51)

	IDENTIFIER  shift 135
	.  error


state 89
	Expr : Constant .  (54)

	.  reduce 54


state 90
	WhileStmt : WHILE '(' . Expr ')' Stmt  (92)
	Receiver : .  (48)

	NULL  shift 47
	THIS  shift 48
	NEW  shift 54
	READ_INTEGER  shift 57
	READ_LINE  shift 58
	LITERAL  shift 59
	INSTANCEOF  shift 60
	'-'  shift 61
	'!'  shift 62
	'('  shift 63
	CASE  shift 65
	SUPER  shift 66
	DCOPY  shift 68
	SCOPY  shift 69
	'@'  shift 70
	'#'  shift 71
	'$'  shift 72
	IDENTIFIER  reduce 48

	LValue  goto 93
	Expr  goto 136
	Call  goto 95
	Receiver  goto 88
	Constant  goto 89


state 91
	ForStmt : FOR '(' . SimpleStmt ';' Expr ';' SimpleStmt ')' Stmt  (93)
	SimpleStmt : .  (41)
	Receiver : .  (48)

	NULL  shift 47
	THIS  shift 48
	NEW  shift 54
	READ_INTEGER  shift 57
	READ_LINE  shift 58
	LITERAL  shift 59
	INSTANCEOF  shift 60
	'-'  shift 61
	'!'  shift 62
	'('  shift 63
	CASE  shift 65
	SUPER  shift 66
	DCOPY  shift 68
	SCOPY  shift 69
	'@'  shift 70
	'#'  shift 71
	'$'  shift 72
	IDENTIFIER  reduce 48
	';'  reduce 41

	SimpleStmt  goto 137
	LValue  goto 85
	Expr  goto 86
	Call  goto 87
	Receiver  goto 88
	Constant  goto 89


state 92
	IfStmt : IF '(' . Expr ')' Stmt ElseClause  (95)
	Receiver : .  (48)

	NULL  shift 47
	THIS  shift 48
	NEW  shift 54
	READ_INTEGER  shift 57
	READ_LINE  shift 58
	LITERAL  shift 59
	INSTANCEOF  shift 60
	'-'  shift 61
	'!'  shift 62
	'('  shift 63
	CASE  shift 65
	SUPER  shift 66
	DCOPY  shift 68
	SCOPY  shift 69
	'@'  shift 70
	'#'  shift 71
	'$'  shift 72
	IDENTIFIER  reduce 48

	LValue  goto 93
	Expr  goto 138
	Call  goto 95
	Receiver  goto 88
	Constant  goto 89


state 93
	Expr : LValue .  (52)

	.  reduce 52


state 94
	Receiver : Expr . '.'  (47)
	LValue : Expr . '[' Expr ']'  (50)
	Expr : Expr . '+' Expr  (55)
	Expr : Expr . '-' Expr  (56)
	Expr : Expr . '*' Expr  (57)
	Expr : Expr . '/' Expr  (58)
	Expr : Expr . '%' Expr  (59)
	Expr : Expr . EQUAL Expr  (60)
	Expr : Expr . NOT_EQUAL Expr  (61)
	Expr : Expr . '<' Expr  (62)
	Expr : Expr . '>' Expr  (63)
	Expr : Expr . LESS_EQUAL Expr  (64)
	Expr : Expr . GREATER_EQUAL Expr  (65)
	Expr : Expr . AND Expr  (66)
	Expr : Expr . OR Expr  (67)
	ReturnStmt : RETURN Expr .  (102)

	AND  shift 120
	OR  shift 121
	LESS_EQUAL  shift 122
	GREATER_EQUAL  shift 123
	EQUAL  shift 124
	NOT_EQUAL  shift 125
	'+'  shift 126
	'-'  shift 127
	'*'  shift 128
	'/'  shift 129
	'%'  shift 130
	'>'  shift 131
	'<'  shift 132
	'.'  shift 133
	'['  shift 134
	';'  reduce 102


state 95
	Expr : Call .  (53)

	.  reduce 53


state 96
	Expr : NEW IDENTIFIER . '(' ')'  (78)

	'('  shift 139
	.  error


state 97
	Type : Type . '[' ']'  (12)
	Expr : NEW Type . '[' Expr ']'  (79)

	'['  shift 140
	.  error


state 98
	PrintStmt : PRINT '(' . ExprList ')'  (104)
	Receiver : .  (48)

	NULL  shift 47
	THIS  shift 48
	NEW  shift 54
	READ_INTEGER  shift 57
	READ_LINE  shift 58
	LITERAL  shift 59
	INSTANCEOF  shift 60
	'-'  shift 61
	'!'  shift 62
	'('  shift 63
	CASE  shift 65
	SUPER  shift 66
	DCOPY  shift 68
	SCOPY  shift 69
	'@'  shift 70
	'#'  shift 71
	'$'  shift 72
	IDENTIFIER  reduce 48

	LValue  goto 93
	Expr  goto 141
	Call  goto 95
	Receiver  goto 88
	Constant  goto 89
	ExprList  goto 142


state 99
	PrintCompStmt : PRINTCOMP '(' . ExprList ')'  (105)
	Receiver : .  (48)

	NULL  shift 47
	THIS  shift 48
	NEW  shift 54
	READ_INTEGER  shift 57
	READ_LINE  shift 58
	LITERAL  shift 59
	INSTANCEOF  shift 60
	'-'  shift 61
	'!'  shift 62
	'('  shift 63
	CASE  shift 65
	SUPER  shift 66
	DCOPY  shift 68
	SCOPY  shift 69
	'@'  shift 70
	'#'  shift 71
	'$'  shift 72
	IDENTIFIER  reduce 48

	LValue  goto 93
	Expr  goto 141
	Call  goto 95
	Receiver  goto 88
	Constant  goto 89
	ExprList  goto 143


state 100
	Expr : READ_INTEGER '(' . ')'  (74)

	')'  shift 144
	.  error


state 101
	Expr : READ_LINE '(' . ')'  (75)

	')'  shift 145
	.  error


state 102
	Expr : INSTANCEOF '(' . Expr ',' IDENTIFIER ')'  (80)
	Receiver : .  (48)

	NULL  shift 47
	THIS  shift 48
	NEW  shift 54
	READ_INTEGER  shift 57
	READ_LINE  shift 58
	LITERAL  shift 59
	INSTANCEOF  shift 60
	'-'  shift 61
	'!'  shift 62
	'('  shift 63
	CASE  shift 65
	SUPER  shift 66
	DCOPY  shift 68
	SCOPY  shift 69
	'@'  shift 70
	'#'  shift 71
	'$'  shift 72
	IDENTIFIER  reduce 48

	LValue  goto 93
	Expr  goto 146
	Call  goto 95
	Receiver  goto 88
	Constant  goto 89


state 103
	Receiver : Expr . '.'  (47)
	LValue : Expr . '[' Expr ']'  (50)
	Expr : Expr . '+' Expr  (55)
	Expr : Expr . '-' Expr  (56)
	Expr : Expr . '*' Expr  (57)
	Expr : Expr . '/' Expr  (58)
	Expr : Expr . '%' Expr  (59)
	Expr : Expr . EQUAL Expr  (60)
	Expr : Expr . NOT_EQUAL Expr  (61)
	Expr : Expr . '<' Expr  (62)
	Expr : Expr . '>' Expr  (63)
	Expr : Expr . LESS_EQUAL Expr  (64)
	Expr : Expr . GREATER_EQUAL Expr  (65)
	Expr : Expr . AND Expr  (66)
	Expr : Expr . OR Expr  (67)
	Expr : '-' Expr .  (69)

	'.'  shift 133
	'['  shift 134
	AND  reduce 69
	OR  reduce 69
	LESS_EQUAL  reduce 69
	GREATER_EQUAL  reduce 69
	EQUAL  reduce 69
	NOT_EQUAL  reduce 69
	'+'  reduce 69
	'-'  reduce 69
	'*'  reduce 69
	'/'  reduce 69
	'%'  reduce 69
	'>'  reduce 69
	'<'  reduce 69
	','  reduce 69
	';'  reduce 69
	')'  reduce 69
	']'  reduce 69
	':'  reduce 69


state 104
	Receiver : Expr . '.'  (47)
	LValue : Expr . '[' Expr ']'  (50)
	Expr : Expr . '+' Expr  (55)
	Expr : Expr . '-' Expr  (56)
	Expr : Expr . '*' Expr  (57)
	Expr : Expr . '/' Expr  (58)
	Expr : Expr . '%' Expr  (59)
	Expr : Expr . EQUAL Expr  (60)
	Expr : Expr . NOT_EQUAL Expr  (61)
	Expr : Expr . '<' Expr  (62)
	Expr : Expr . '>' Expr  (63)
	Expr : Expr . LESS_EQUAL Expr  (64)
	Expr : Expr . GREATER_EQUAL Expr  (65)
	Expr : Expr . AND Expr  (66)
	Expr : Expr . OR Expr  (67)
	Expr : '!' Expr .  (70)

	'.'  shift 133
	'['  shift 134
	AND  reduce 70
	OR  reduce 70
	LESS_EQUAL  reduce 70
	GREATER_EQUAL  reduce 70
	EQUAL  reduce 70
	NOT_EQUAL  reduce 70
	'+'  reduce 70
	'-'  reduce 70
	'*'  reduce 70
	'/'  reduce 70
	'%'  reduce 70
	'>'  reduce 70
	'<'  reduce 70
	','  reduce 70
	';'  reduce 70
	')'  reduce 70
	']'  reduce 70
	':'  reduce 70


state 105
	Expr : '(' CLASS . IDENTIFIER ')' Expr  (81)

	IDENTIFIER  shift 147
	.  error


state 106
	Receiver : Expr . '.'  (47)
	LValue : Expr . '[' Expr ']'  (50)
	Expr : Expr . '+' Expr  (55)
	Expr : Expr . '-' Expr  (56)
	Expr : Expr . '*' Expr  (57)
	Expr : Expr . '/' Expr  (58)
	Expr : Expr . '%' Expr  (59)
	Expr : Expr . EQUAL Expr  (60)
	Expr : Expr . NOT_EQUAL Expr  (61)
	Expr : Expr . '<' Expr  (62)
	Expr : Expr . '>' Expr  (63)
	Expr : Expr . LESS_EQUAL Expr  (64)
	Expr : Expr . GREATER_EQUAL Expr  (65)
	Expr : Expr . AND Expr  (66)
	Expr : Expr . OR Expr  (67)
	Expr : '(' Expr . ')'  (68)

	AND  shift 120
	OR  shift 121
	LESS_EQUAL  shift 122
	GREATER_EQUAL  shift 123
	EQUAL  shift 124
	NOT_EQUAL  shift 125
	'+'  shift 126
	'-'  shift 127
	'*'  shift 128
	'/'  shift 129
	'%'  shift 130
	'>'  shift 131
	'<'  shift 132
	'.'  shift 133
	')'  shift 148
	'['  shift 134
	.  error


state 107
	Expr : CASE '(' . Expr ')' '{' CaseItems DefaultItem '}'  (82)
	Expr : CASE '(' . Expr ')' '{' DefaultItem '}'  (83)
	Receiver : .  (48)

	NULL  shift 47
	THIS  shift 48
	NEW  shift 54
	READ_INTEGER  shift 57
	READ_LINE  shift 58
	LITERAL  shift 59
	INSTANCEOF  shift 60
	'-'  shift 61
	'!'  shift 62
	'('  shift 63
	CASE  shift 65
	SUPER  shift 66
	DCOPY  shift 68
	SCOPY  shift 69
	'@'  shift 70
	'#'  shift 71
	'$'  shift 72
	IDENTIFIER  reduce 48

	LValue  goto 93
	Expr  goto 149
	Call  goto 95
	Receiver  goto 88
	Constant  goto 89


state 108
	DoStmt : DO DoBranchList . DoSubStmt OD  (42)
	DoBranchList : DoBranchList . DoBranch  (45)
	Receiver : .  (48)

	NULL  shift 47
	THIS  shift 48
	NEW  shift 54
	READ_INTEGER  shift 57
	READ_LINE  shift 58
	LITERAL  shift 59
	INSTANCEOF  shift 60
	'-'  shift 61
	'!'  shift 62
	'('  shift 63
	CASE  shift 65
	SUPER  shift 66
	DCOPY  shift 68
	SCOPY  shift 69
	'@'  shift 70
	'#'  shift 71
	'$'  shift 72
	IDENTIFIER  reduce 48

	LValue  goto 93
	Expr  goto 150
	Call  goto 95
	DoSubStmt  goto 151
	DoBranch  goto 152
	Receiver  goto 88
	Constant  goto 89


state 109
	Expr : DCOPY '(' . Expr ')'  (84)
	Receiver : .  (48)

	NULL  shift 47
	THIS  shift 48
	NEW  shift 54
	READ_INTEGER  shift 57
	READ_LINE  shift 58
	LITERAL  shift 59
	INSTANCEOF  shift 60
	'-'  shift 61
	'!'  shift 62
	'('  shift 63
	CASE  shift 65
	SUPER  shift 66
	DCOPY  shift 68
	SCOPY  shift 69
	'@'  shift 70
	'#'  shift 71
	'$'  shift 72
	IDENTIFIER  reduce 48

	LValue  goto 93
	Expr  goto 153
	Call  goto 95
	Receiver  goto 88
	Constant  goto 89


state 110
	Expr : SCOPY '(' . Expr ')'  (85)
	Receiver : .  (48)

	NULL  shift 47
	THIS  shift 48
	NEW  shift 54
	READ_INTEGER  shift 57
	READ_LINE  shift 58
	LITERAL  shift 59
	INSTANCEOF  shift 60
	'-'  shift 61
	'!'  shift 62
	'('  shift 63
	CASE  shift 65
	SUPER  shift 66
	DCOPY  shift 68
	SCOPY  shift 69
	'@'  shift 70
	'#'  shift 71
	'$'  shift 72
	IDENTIFIER  reduce 48

	LValue  goto 93
	Expr  goto 154
	Call  goto 95
	Receiver  goto 88
	Constant  goto 89


state 111
	Receiver : Expr . '.'  (47)
	LValue : Expr . '[' Expr ']'  (50)
	Expr : Expr . '+' Expr  (55)
	Expr : Expr . '-' Expr  (56)
	Expr : Expr . '*' Expr  (57)
	Expr : Expr . '/' Expr  (58)
	Expr : Expr . '%' Expr  (59)
	Expr : Expr . EQUAL Expr  (60)
	Expr : Expr . NOT_EQUAL Expr  (61)
	Expr : Expr . '<' Expr  (62)
	Expr : Expr . '>' Expr  (63)
	Expr : Expr . LESS_EQUAL Expr  (64)
	Expr : Expr . GREATER_EQUAL Expr  (65)
	Expr : Expr . AND Expr  (66)
	Expr : Expr . OR Expr  (67)
	Expr : '@' Expr .  (71)

	'.'  shift 133
	'['  shift 134
	AND  reduce 71
	OR  reduce 71
	LESS_EQUAL  reduce 71
	GREATER_EQUAL  reduce 71
	EQUAL  reduce 71
	NOT_EQUAL  reduce 71
	'+'  reduce 71
	'-'  reduce 71
	'*'  reduce 71
	'/'  reduce 71
	'%'  reduce 71
	'>'  reduce 71
	'<'  reduce 71
	','  reduce 71
	';'  reduce 71
	')'  reduce 71
	']'  reduce 71
	':'  reduce 71


state 112
	Receiver : Expr . '.'  (47)
	LValue : Expr . '[' Expr ']'  (50)
	Expr : Expr . '+' Expr  (55)
	Expr : Expr . '-' Expr  (56)
	Expr : Expr . '*' Expr  (57)
	Expr : Expr . '/' Expr  (58)
	Expr : Expr . '%' Expr  (59)
	Expr : Expr . EQUAL Expr  (60)
	Expr : Expr . NOT_EQUAL Expr  (61)
	Expr : Expr . '<' Expr  (62)
	Expr : Expr . '>' Expr  (63)
	Expr : Expr . LESS_EQUAL Expr  (64)
	Expr : Expr . GREATER_EQUAL Expr  (65)
	Expr : Expr . AND Expr  (66)
	Expr : Expr . OR Expr  (67)
	Expr : '#' Expr .  (73)

	'.'  shift 133
	'['  shift 134
	AND  reduce 73
	OR  reduce 73
	LESS_EQUAL  reduce 73
	GREATER_EQUAL  reduce 73
	EQUAL  reduce 73
	NOT_EQUAL  reduce 73
	'+'  reduce 73
	'-'  reduce 73
	'*'  reduce 73
	'/'  reduce 73
	'%'  reduce 73
	'>'  reduce 73
	'<'  reduce 73
	','  reduce 73
	';'  reduce 73
	')'  reduce 73
	']'  reduce 73
	':'  reduce 73


state 113
	Receiver : Expr . '.'  (47)
	LValue : Expr . '[' Expr ']'  (50)
	Expr : Expr . '+' Expr  (55)
	Expr : Expr . '-' Expr  (56)
	Expr : Expr . '*' Expr  (57)
	Expr : Expr . '/' Expr  (58)
	Expr : Expr . '%' Expr  (59)
	Expr : Expr . EQUAL Expr  (60)
	Expr : Expr . NOT_EQUAL Expr  (61)
	Expr : Expr . '<' Expr  (62)
	Expr : Expr . '>' Expr  (63)
	Expr : Expr . LESS_EQUAL Expr  (64)
	Expr : Expr . GREATER_EQUAL Expr  (65)
	Expr : Expr . AND Expr  (66)
	Expr : Expr . OR Expr  (67)
	Expr : '$' Expr .  (72)

	'.'  shift 133
	'['  shift 134
	AND  reduce 72
	OR  reduce 72
	LESS_EQUAL  reduce 72
	GREATER_EQUAL  reduce 72
	EQUAL  reduce 72
	NOT_EQUAL  reduce 72
	'+'  reduce 72
	'-'  reduce 72
	'*'  reduce 72
	'/'  reduce 72
	'%'  reduce 72
	'>'  reduce 72
	'<'  reduce 72
	','  reduce 72
	';'  reduce 72
	')'  reduce 72
	']'  reduce 72
	':'  reduce 72


state 114
	Stmt : SimpleStmt ';' .  (29)

	.  reduce 29


state 115
	Stmt : ReturnStmt ';' .  (33)

	.  reduce 33


state 116
	Stmt : PrintStmt ';' .  (34)

	.  reduce 34


state 117
	Stmt : PrintCompStmt ';' .  (35)

	.  reduce 35


state 118
	Stmt : BreakStmt ';' .  (36)

	.  reduce 36


state 119
	SimpleStmt : LValue '=' . Expr  (39)
	Receiver : .  (48)

	NULL  shift 47
	THIS  shift 48
	NEW  shift 54
	READ_INTEGER  shift 57
	READ_LINE  shift 58
	LITERAL  shift 59
	INSTANCEOF  shift 60
	'-'  shift 61
	'!'  shift 62
	'('  shift 63
	CASE  shift 65
	SUPER  shift 66
	DCOPY  shift 68
	SCOPY  shift 69
	'@'  shift 70
	'#'  shift 71
	'$'  shift 72
	IDENTIFIER  reduce 48

	LValue  goto 93
	Expr  goto 155
	Call  goto 95
	Receiver  goto 88
	Constant  goto 89


state 120
	Expr : Expr AND . Expr  (66)
	Receiver : .  (48)

	NULL  shift 47
	THIS  shift 48
	NEW  shift 54
	READ_INTEGER  shift 57
	READ_LINE  shift 58
	LITERAL  shift 59
	INSTANCEOF  shift 60
	'-'  shift 61
	'!'  shift 62
	'('  shift 63
	CASE  shift 65
	SUPER  shift 66
	DCOPY  shift 68
	SCOPY  shift 69
	'@'  shift 70
	'#'  shift 71
	'$'  shift 72
	IDENTIFIER  reduce 48

	LValue  goto 93
	Expr  goto 156
	Call  goto 95
	Receiver  goto 88
	Constant  goto 89


state 121
	Expr : Expr OR . Expr  (67)
	Receiver : .  (48)

	NULL  shift 47
	THIS  shift 48
	NEW  shift 54
	READ_INTEGER  shift 57
	READ_LINE  shift 58
	LITERAL  shift 59
	INSTANCEOF  shift 60
	'-'  shift 61
	'!'  shift 62
	'('  shift 63
	CASE  shift 65
	SUPER  shift 66
	DCOPY  shift 68
	SCOPY  shift 69
	'@'  shift 70
	'#'  shift 71
	'$'  shift 72
	IDENTIFIER  reduce 48

	LValue  goto 93
	Expr  goto 157
	Call  goto 95
	Receiver  goto 88
	Constant  goto 89


state 122
	Expr : Expr LESS_EQUAL . Expr  (64)
	Receiver : .  (48)

	NULL  shift 47
	THIS  shift 48
	NEW  shift 54
	READ_INTEGER  shift 57
	READ_LINE  shift 58
	LITERAL  shift 59
	INSTANCEOF  shift 60
	'-'  shift 61
	'!'  shift 62
	'('  shift 63
	CASE  shift 65
	SUPER  shift 66
	DCOPY  shift 68
	SCOPY  shift 69
	'@'  shift 70
	'#'  shift 71
	'$'  shift 72
	IDENTIFIER  reduce 48

	LValue  goto 93
	Expr  goto 158
	Call  goto 95
	Receiver  goto 88
	Constant  goto 89


state 123
	Expr : Expr GREATER_EQUAL . Expr  (65)
	Receiver : .  (48)

	NULL  shift 47
	THIS  shift 48
	NEW  shift 54
	READ_INTEGER  shift 57
	READ_LINE  shift 58
	LITERAL  shift 59
	INSTANCEOF  shift 60
	'-'  shift 61
	'!'  shift 62
	'('  shift 63
	CASE  shift 65
	SUPER  shift 66
	DCOPY  shift 68
	SCOPY  shift 69
	'@'  shift 70
	'#'  shift 71
	'$'  shift 72
	IDENTIFIER  reduce 48

	LValue  goto 93
	Expr  goto 159
	Call  goto 95
	Receiver  goto 88
	Constant  goto 89


state 124
	Expr : Expr EQUAL . Expr  (60)
	Receiver : .  (48)

	NULL  shift 47
	THIS  shift 48
	NEW  shift 54
	READ_INTEGER  shift 57
	READ_LINE  shift 58
	LITERAL  shift 59
	INSTANCEOF  shift 60
	'-'  shift 61
	'!'  shift 62
	'('  shift 63
	CASE  shift 65
	SUPER  shift 66
	DCOPY  shift 68
	SCOPY  shift 69
	'@'  shift 70
	'#'  shift 71
	'$'  shift 72
	IDENTIFIER  reduce 48

	LValue  goto 93
	Expr  goto 160
	Call  goto 95
	Receiver  goto 88
	Constant  goto 89


state 125
	Expr : Expr NOT_EQUAL . Expr  (61)
	Receiver : .  (48)

	NULL  shift 47
	THIS  shift 48
	NEW  shift 54
	READ_INTEGER  shift 57
	READ_LINE  shift 58
	LITERAL  shift 59
	INSTANCEOF  shift 60
	'-'  shift 61
	'!'  shift 62
	'('  shift 63
	CASE  shift 65
	SUPER  shift 66
	DCOPY  shift 68
	SCOPY  shift 69
	'@'  shift 70
	'#'  shift 71
	'$'  shift 72
	IDENTIFIER  reduce 48

	LValue  goto 93
	Expr  goto 161
	Call  goto 95
	Receiver  goto 88
	Constant  goto 89


state 126
	Expr : Expr '+' . Expr  (55)
	Receiver : .  (48)

	NULL  shift 47
	THIS  shift 48
	NEW  shift 54
	READ_INTEGER  shift 57
	READ_LINE  shift 58
	LITERAL  shift 59
	INSTANCEOF  shift 60
	'-'  shift 61
	'!'  shift 62
	'('  shift 63
	CASE  shift 65
	SUPER  shift 66
	DCOPY  shift 68
	SCOPY  shift 69
	'@'  shift 70
	'#'  shift 71
	'$'  shift 72
	IDENTIFIER  reduce 48

	LValue  goto 93
	Expr  goto 162
	Call  goto 95
	Receiver  goto 88
	Constant  goto 89


state 127
	Expr : Expr '-' . Expr  (56)
	Receiver : .  (48)

	NULL  shift 47
	THIS  shift 48
	NEW  shift 54
	READ_INTEGER  shift 57
	READ_LINE  shift 58
	LITERAL  shift 59
	INSTANCEOF  shift 60
	'-'  shift 61
	'!'  shift 62
	'('  shift 63
	CASE  shift 65
	SUPER  shift 66
	DCOPY  shift 68
	SCOPY  shift 69
	'@'  shift 70
	'#'  shift 71
	'$'  shift 72
	IDENTIFIER  reduce 48

	LValue  goto 93
	Expr  goto 163
	Call  goto 95
	Receiver  goto 88
	Constant  goto 89


state 128
	Expr : Expr '*' . Expr  (57)
	Receiver : .  (48)

	NULL  shift 47
	THIS  shift 48
	NEW  shift 54
	READ_INTEGER  shift 57
	READ_LINE  shift 58
	LITERAL  shift 59
	INSTANCEOF  shift 60
	'-'  shift 61
	'!'  shift 62
	'('  shift 63
	CASE  shift 65
	SUPER  shift 66
	DCOPY  shift 68
	SCOPY  shift 69
	'@'  shift 70
	'#'  shift 71
	'$'  shift 72
	IDENTIFIER  reduce 48

	LValue  goto 93
	Expr  goto 164
	Call  goto 95
	Receiver  goto 88
	Constant  goto 89


state 129
	Expr : Expr '/' . Expr  (58)
	Receiver : .  (48)

	NULL  shift 47
	THIS  shift 48
	NEW  shift 54
	READ_INTEGER  shift 57
	READ_LINE  shift 58
	LITERAL  shift 59
	INSTANCEOF  shift 60
	'-'  shift 61
	'!'  shift 62
	'('  shift 63
	CASE  shift 65
	SUPER  shift 66
	DCOPY  shift 68
	SCOPY  shift 69
	'@'  shift 70
	'#'  shift 71
	'$'  shift 72
	IDENTIFIER  reduce 48

	LValue  goto 93
	Expr  goto 165
	Call  goto 95
	Receiver  goto 88
	Constant  goto 89


state 130
	Expr : Expr '%' . Expr  (59)
	Receiver : .  (48)

	NULL  shift 47
	THIS  shift 48
	NEW  shift 54
	READ_INTEGER  shift 57
	READ_LINE  shift 58
	LITERAL  shift 59
	INSTANCEOF  shift 60
	'-'  shift 61
	'!'  shift 62
	'('  shift 63
	CASE  shift 65
	SUPER  shift 66
	DCOPY  shift 68
	SCOPY  shift 69
	'@'  shift 70
	'#'  shift 71
	'$'  shift 72
	IDENTIFIER  reduce 48

	LValue  goto 93
	Expr  goto 166
	Call  goto 95
	Receiver  goto 88
	Constant  goto 89


state 131
	Expr : Expr '>' . Expr  (63)
	Receiver : .  (48)

	NULL  shift 47
	THIS  shift 48
	NEW  shift 54
	READ_INTEGER  shift 57
	READ_LINE  shift 58
	LITERAL  shift 59
	INSTANCEOF  shift 60
	'-'  shift 61
	'!'  shift 62
	'('  shift 63
	CASE  shift 65
	SUPER  shift 66
	DCOPY  shift 68
	SCOPY  shift 69
	'@'  shift 70
	'#'  shift 71
	'$'  shift 72
	IDENTIFIER  reduce 48

	LValue  goto 93
	Expr  goto 167
	Call  goto 95
	Receiver  goto 88
	Constant  goto 89


state 132
	Expr : Expr '<' . Expr  (62)
	Receiver : .  (48)

	NULL  shift 47
	THIS  shift 48
	NEW  shift 54
	READ_INTEGER  shift 57
	READ_LINE  shift 58
	LITERAL  shift 59
	INSTANCEOF  shift 60
	'-'  shift 61
	'!'  shift 62
	'('  shift 63
	CASE  shift 65
	SUPER  shift 66
	DCOPY  shift 68
	SCOPY  shift 69
	'@'  shift 70
	'#'  shift 71
	'$'  shift 72
	IDENTIFIER  reduce 48

	LValue  goto 93
	Expr  goto 168
	Call  goto 95
	Receiver  goto 88
	Constant  goto 89


state 133
	Receiver : Expr '.' .  (47)

	.  reduce 47


state 134
	LValue : Expr '[' . Expr ']'  (50)
	Receiver : .  (48)

	NULL  shift 47
	THIS  shift 48
	NEW  shift 54
	READ_INTEGER  shift 57
	READ_LINE  shift 58
	LITERAL  shift 59
	INSTANCEOF  shift 60
	'-'  shift 61
	'!'  shift 62
	'('  shift 63
	CASE  shift 65
	SUPER  shift 66
	DCOPY  shift 68
	SCOPY  shift 69
	'@'  shift 70
	'#'  shift 71
	'$'  shift 72
	IDENTIFIER  reduce 48

	LValue  goto 93
	Expr  goto 169
	Call  goto 95
	Receiver  goto 88
	Constant  goto 89


state 135
	LValue : Receiver IDENTIFIER .  (49)
	Call : Receiver IDENTIFIER . '(' Actuals ')'  (51)

	'('  shift 170
	AND  reduce 49
	OR  reduce 49
	LESS_EQUAL  reduce 49
	GREATER_EQUAL  reduce 49
	EQUAL  reduce 49
	NOT_EQUAL  reduce 49
	'+'  reduce 49
	'-'  reduce 49
	'*'  reduce 49
	'/'  reduce 49
	'%'  reduce 49
	'='  reduce 49
	'>'  reduce 49
	'<'  reduce 49
	'.'  reduce 49
	','  reduce 49
	';'  reduce 49
	')'  reduce 49
	'['  reduce 49
	']'  reduce 49
	':'  reduce 49


state 136
	Receiver : Expr . '.'  (47)
	LValue : Expr . '[' Expr ']'  (50)
	Expr : Expr . '+' Expr  (55)
	Expr : Expr . '-' Expr  (56)
	Expr : Expr . '*' Expr  (57)
	Expr : Expr . '/' Expr  (58)
	Expr : Expr . '%' Expr  (59)
	Expr : Expr . EQUAL Expr  (60)
	Expr : Expr . NOT_EQUAL Expr  (61)
	Expr : Expr . '<' Expr  (62)
	Expr : Expr . '>' Expr  (63)
	Expr : Expr . LESS_EQUAL Expr  (64)
	Expr : Expr . GREATER_EQUAL Expr  (65)
	Expr : Expr . AND Expr  (66)
	Expr : Expr . OR Expr  (67)
	WhileStmt : WHILE '(' Expr . ')' Stmt  (92)

	AND  shift 120
	OR  shift 121
	LESS_EQUAL  shift 122
	GREATER_EQUAL  shift 123
	EQUAL  shift 124
	NOT_EQUAL  shift 125
	'+'  shift 126
	'-'  shift 127
	'*'  shift 128
	'/'  shift 129
	'%'  shift 130
	'>'  shift 131
	'<'  shift 132
	'.'  shift 133
	')'  shift 171
	'['  shift 134
	.  error


state 137
	ForStmt : FOR '(' SimpleStmt . ';' Expr ';' SimpleStmt ')' Stmt  (93)

	';'  shift 172
	.  error


state 138
	Receiver : Expr . '.'  (47)
	LValue : Expr . '[' Expr ']'  (50)
	Expr : Expr . '+' Expr  (55)
	Expr : Expr . '-' Expr  (56)
	Expr : Expr . '*' Expr  (57)
	Expr : Expr . '/' Expr  (58)
	Expr : Expr . '%' Expr  (59)
	Expr : Expr . EQUAL Expr  (60)
	Expr : Expr . NOT_EQUAL Expr  (61)
	Expr : Expr . '<' Expr  (62)
	Expr : Expr . '>' Expr  (63)
	Expr : Expr . LESS_EQUAL Expr  (64)
	Expr : Expr . GREATER_EQUAL Expr  (65)
	Expr : Expr . AND Expr  (66)
	Expr : Expr . OR Expr  (67)
	IfStmt : IF '(' Expr . ')' Stmt ElseClause  (95)

	AND  shift 120
	OR  shift 121
	LESS_EQUAL  shift 122
	GREATER_EQUAL  shift 123
	EQUAL  shift 124
	NOT_EQUAL  shift 125
	'+'  shift 126
	'-'  shift 127
	'*'  shift 128
	'/'  shift 129
	'%'  shift 130
	'>'  shift 131
	'<'  shift 132
	'.'  shift 133
	')'  shift 173
	'['  shift 134
	.  error


state 139
	Expr : NEW IDENTIFIER '(' . ')'  (78)

	')'  shift 174
	.  error


state 140
	Type : Type '[' . ']'  (12)
	Expr : NEW Type '[' . Expr ']'  (79)
	Receiver : .  (48)

	NULL  shift 47
	THIS  shift 48
	NEW  shift 54
	READ_INTEGER  shift 57
	READ_LINE  shift 58
	LITERAL  shift 59
	INSTANCEOF  shift 60
	'-'  shift 61
	'!'  shift 62
	'('  shift 63
	']'  shift 31
	CASE  shift 65
	SUPER  shift 66
	DCOPY  shift 68
	SCOPY  shift 69
	'@'  shift 70
	'#'  shift 71
	'$'  shift 72
	IDENTIFIER  reduce 48

	LValue  goto 93
	Expr  goto 175
	Call  goto 95
	Receiver  goto 88
	Constant  goto 89


state 141
	Receiver : Expr . '.'  (47)
	LValue : Expr . '[' Expr ']'  (50)
	Expr : Expr . '+' Expr  (55)
	Expr : Expr . '-' Expr  (56)
	Expr : Expr . '*' Expr  (57)
	Expr : Expr . '/' Expr  (58)
	Expr : Expr . '%' Expr  (59)
	Expr : Expr . EQUAL Expr  (60)
	Expr : Expr . NOT_EQUAL Expr  (61)
	Expr : Expr . '<' Expr  (62)
	Expr : Expr . '>' Expr  (63)
	Expr : Expr . LESS_EQUAL Expr  (64)
	Expr : Expr . GREATER_EQUAL Expr  (65)
	Expr : Expr . AND Expr  (66)
	Expr : Expr . OR Expr  (67)
	ExprList : Expr .  (91)

	AND  shift 120
	OR  shift 121
	LESS_EQUAL  shift 122
	GREATER_EQUAL  shift 123
	EQUAL  shift 124
	NOT_EQUAL  shift 125
	'+'  shift 126
	'-'  shift 127
	'*'  shift 128
	'/'  shift 129
	'%'  shift 130
	'>'  shift 131
	'<'  shift 132
	'.'  shift 133
	'['  shift 134
	','  reduce 91
	')'  reduce 91


state 142
	ExprList : ExprList . ',' Expr  (90)
	PrintStmt : PRINT '(' ExprList . ')'  (104)

	','  shift 176
	')'  shift 177
	.  error


state 143
	ExprList : ExprList . ',' Expr  (90)
	PrintCompStmt : PRINTCOMP '(' ExprList . ')'  (105)

	','  shift 176
	')'  shift 178
	.  error


state 144
	Expr : READ_INTEGER '(' ')' .  (74)

	.  reduce 74


state 145
	Expr : READ_LINE '(' ')' .  (75)

	.  reduce 75


state 146
	Receiver : Expr . '.'  (47)
	LValue : Expr . '[' Expr ']'  (50)
	Expr : Expr . '+' Expr  (55)
	Expr : Expr . '-' Expr  (56)
	Expr : Expr . '*' Expr  (57)
	Expr : Expr . '/' Expr  (58)
	Expr : Expr . '%' Expr  (59)
	Expr : Expr . EQUAL Expr  (60)
	Expr : Expr . NOT_EQUAL Expr  (61)
	Expr : Expr . '<' Expr  (62)
	Expr : Expr . '>' Expr  (63)
	Expr : Expr . LESS_EQUAL Expr  (64)
	Expr : Expr . GREATER_EQUAL Expr  (65)
	Expr : Expr . AND Expr  (66)
	Expr : Expr . OR Expr  (67)
	Expr : INSTANCEOF '(' Expr . ',' IDENTIFIER ')'  (80)

	AND  shift 120
	OR  shift 121
	LESS_EQUAL  shift 122
	GREATER_EQUAL  shift 123
	EQUAL  shift 124
	NOT_EQUAL  shift 125
	'+'  shift 126
	'-'  shift 127
	'*'  shift 128
	'/'  shift 129
	'%'  shift 130
	'>'  shift 131
	'<'  shift 132
	'.'  shift 133
	','  shift 179
	'['  shift 134
	.  error


state 147
	Expr : '(' CLASS IDENTIFIER . ')' Expr  (81)

	')'  shift 180
	.  error


state 148
	Expr : '(' Expr ')' .  (68)

	.  reduce 68


state 149
	Receiver : Expr . '.'  (47)
	LValue : Expr . '[' Expr ']'  (50)
	Expr : Expr . '+' Expr  (55)
	Expr : Expr . '-' Expr  (56)
	Expr : Expr . '*' Expr  (57)
	Expr : Expr . '/' Expr  (58)
	Expr : Expr . '%' Expr  (59)
	Expr : Expr . EQUAL Expr  (60)
	Expr : Expr . NOT_EQUAL Expr  (61)
	Expr : Expr . '<' Expr  (62)
	Expr : Expr . '>' Expr  (63)
	Expr : Expr . LESS_EQUAL Expr  (64)
	Expr : Expr . GREATER_EQUAL Expr  (65)
	Expr : Expr . AND Expr  (66)
	Expr : Expr . OR Expr  (67)
	Expr : CASE '(' Expr . ')' '{' CaseItems DefaultItem '}'  (82)
	Expr : CASE '(' Expr . ')' '{' DefaultItem '}'  (83)

	AND  shift 120
	OR  shift 121
	LESS_EQUAL  shift 122
	GREATER_EQUAL  shift 123
	EQUAL  shift 124
	NOT_EQUAL  shift 125
	'+'  shift 126
	'-'  shift 127
	'*'  shift 128
	'/'  shift 129
	'%'  shift 130
	'>'  shift 131
	'<'  shift 132
	'.'  shift 133
	')'  shift 181
	'['  shift 134
	.  error


state 150
	DoSubStmt : Expr . ':' Stmt  (43)
	Receiver : Expr . '.'  (47)
	LValue : Expr . '[' Expr ']'  (50)
	Expr : Expr . '+' Expr  (55)
	Expr : Expr . '-' Expr  (56)
	Expr : Expr . '*' Expr  (57)
	Expr : Expr . '/' Expr  (58)
	Expr : Expr . '%' Expr  (59)
	Expr : Expr . EQUAL Expr  (60)
	Expr : Expr . NOT_EQUAL Expr  (61)
	Expr : Expr . '<' Expr  (62)
	Expr : Expr . '>' Expr  (63)
	Expr : Expr . LESS_EQUAL Expr  (64)
	Expr : Expr . GREATER_EQUAL Expr  (65)
	Expr : Expr . AND Expr  (66)
	Expr : Expr . OR Expr  (67)

	AND  shift 120
	OR  shift 121
	LESS_EQUAL  shift 122
	GREATER_EQUAL  shift 123
	EQUAL  shift 124
	NOT_EQUAL  shift 125
	'+'  shift 126
	'-'  shift 127
	'*'  shift 128
	'/'  shift 129
	'%'  shift 130
	'>'  shift 131
	'<'  shift 132
	'.'  shift 133
	'['  shift 134
	':'  shift 182
	.  error


state 151
	DoStmt : DO DoBranchList DoSubStmt . OD  (42)
	DoBranch : DoSubStmt . DO_SEP  (44)

	OD  shift 183
	DO_SEP  shift 184
	.  error


state 152
	DoBranchList : DoBranchList DoBranch .  (45)

	.  reduce 45


state 153
	Receiver : Expr . '.'  (47)
	LValue : Expr . '[' Expr ']'  (50)
	Expr : Expr . '+' Expr  (55)
	Expr : Expr . '-' Expr  (56)
	Expr : Expr . '*' Expr  (57)
	Expr : Expr . '/' Expr  (58)
	Expr : Expr . '%' Expr  (59)
	Expr : Expr . EQUAL Expr  (60)
	Expr : Expr . NOT_EQUAL Expr  (61)
	Expr : Expr . '<' Expr  (62)
	Expr : Expr . '>' Expr  (63)
	Expr : Expr . LESS_EQUAL Expr  (64)
	Expr : Expr . GREATER_EQUAL Expr  (65)
	Expr : Expr . AND Expr  (66)
	Expr : Expr . OR Expr  (67)
	Expr : DCOPY '(' Expr . ')'  (84)

	AND  shift 120
	OR  shift 121
	LESS_EQUAL  shift 122
	GREATER_EQUAL  shift 123
	EQUAL  shift 124
	NOT_EQUAL  shift 125
	'+'  shift 126
	'-'  shift 127
	'*'  shift 128
	'/'  shift 129
	'%'  shift 130
	'>'  shift 131
	'<'  shift 132
	'.'  shift 133
	')'  shift 185
	'['  shift 134
	.  error


state 154
	Receiver : Expr . '.'  (47)
	LValue : Expr . '[' Expr ']'  (50)
	Expr : Expr . '+' Expr  (55)
	Expr : Expr . '-' Expr  (56)
	Expr : Expr . '*' Expr  (57)
	Expr : Expr . '/' Expr  (58)
	Expr : Expr . '%' Expr  (59)
	Expr : Expr . EQUAL Expr  (60)
	Expr : Expr . NOT_EQUAL Expr  (61)
	Expr : Expr . '<' Expr  (62)
	Expr : Expr . '>' Expr  (63)
	Expr : Expr . LESS_EQUAL Expr  (64)
	Expr : Expr . GREATER_EQUAL Expr  (65)
	Expr : Expr . AND Expr  (66)
	Expr : Expr . OR Expr  (67)
	Expr : SCOPY '(' Expr . ')'  (85)

	AND  shift 120
	OR  shift 121
	LESS_EQUAL  shift 122
	GREATER_EQUAL  shift 123
	EQUAL  shift 124
	NOT_EQUAL  shift 125
	'+'  shift 126
	'-'  shift 127
	'*'  shift 128
	'/'  shift 129
	'%'  shift 130
	'>'  shift 131
	'<'  shift 132
	'.'  shift 133
	')'  shift 186
	'['  shift 134
	.  error


state 155
	SimpleStmt : LValue '=' Expr .  (39)
	Receiver : Expr . '.'  (47)
	LValue : Expr . '[' Expr ']'  (50)
	Expr : Expr . '+' Expr  (55)
	Expr : Expr . '-' Expr  (56)
	Expr : Expr . '*' Expr  (57)
	Expr : Expr . '/' Expr  (58)
	Expr : Expr . '%' Expr  (59)
	Expr : Expr . EQUAL Expr  (60)
	Expr : Expr . NOT_EQUAL Expr  (61)
	Expr : Expr . '<' Expr  (62)
	Expr : Expr . '>' Expr  (63)
	Expr : Expr . LESS_EQUAL Expr  (64)
	Expr : Expr . GREATER_EQUAL Expr  (65)
	Expr : Expr . AND Expr  (66)
	Expr : Expr . OR Expr  (67)

	AND  shift 120
	OR  shift 121
	LESS_EQUAL  shift 122
	GREATER_EQUAL  shift 123
	EQUAL  shift 124
	NOT_EQUAL  shift 125
	'+'  shift 126
	'-'  shift 127
	'*'  shift 128
	'/'  shift 129
	'%'  shift 130
	'>'  shift 131
	'<'  shift 132
	'.'  shift 133
	'['  shift 134
	';'  reduce 39
	')'  reduce 39


state 156
	Receiver : Expr . '.'  (47)
	LValue : Expr . '[' Expr ']'  (50)
	Expr : Expr . '+' Expr  (55)
	Expr : Expr . '-' Expr  (56)
	Expr : Expr . '*' Expr  (57)
	Expr : Expr . '/' Expr  (58)
	Expr : Expr . '%' Expr  (59)
	Expr : Expr . EQUAL Expr  (60)
	Expr : Expr . NOT_EQUAL Expr  (61)
	Expr : Expr . '<' Expr  (62)
	Expr : Expr . '>' Expr  (63)
	Expr : Expr . LESS_EQUAL Expr  (64)
	Expr : Expr . GREATER_EQUAL Expr  (65)
	Expr : Expr . AND Expr  (66)
	Expr : Expr AND Expr .  (66)
	Expr : Expr . OR Expr  (67)

	LESS_EQUAL  shift 122
	GREATER_EQUAL  shift 123
	EQUAL  shift 124
	NOT_EQUAL  shift 125
	'+'  shift 126
	'-'  shift 127
	'*'  shift 128
	'/'  shift 129
	'%'  shift 130
	'>'  shift 131
	'<'  shift 132
	'.'  shift 133
	'['  shift 134
	AND  reduce 66
	OR  reduce 66
	','  reduce 66
	';'  reduce 66
	')'  reduce 66
	']'  reduce 66
	':'  reduce 66


state 157
	Receiver : Expr . '.'  (47)
	LValue : Expr . '[' Expr ']'  (50)
	Expr : Expr . '+' Expr  (55)
	Expr : Expr . '-' Expr  (56)
	Expr : Expr . '*' Expr  (57)
	Expr : Expr . '/' Expr  (58)
	Expr : Expr . '%' Expr  (59)
	Expr : Expr . EQUAL Expr  (60)
	Expr : Expr . NOT_EQUAL Expr  (61)
	Expr : Expr . '<' Expr  (62)
	Expr : Expr . '>' Expr  (63)
	Expr : Expr . LESS_EQUAL Expr  (64)
	Expr : Expr . GREATER_EQUAL Expr  (65)
	Expr : Expr . AND Expr  (66)
	Expr : Expr . OR Expr  (67)
	Expr : Expr OR Expr .  (67)

	AND  shift 120
	LESS_EQUAL  shift 122
	GREATER_EQUAL  shift 123
	EQUAL  shift 124
	NOT_EQUAL  shift 125
	'+'  shift 126
	'-'  shift 127
	'*'  shift 128
	'/'  shift 129
	'%'  shift 130
	'>'  shift 131
	'<'  shift 132
	'.'  shift 133
	'['  shift 134
	OR  reduce 67
	','  reduce 67
	';'  reduce 67
	')'  reduce 67
	']'  reduce 67
	':'  reduce 67


state 158
	Receiver : Expr . '.'  (47)
	LValue : Expr . '[' Expr ']'  (50)
	Expr : Expr . '+' Expr  (55)
	Expr : Expr . '-' Expr  (56)
	Expr : Expr . '*' Expr  (57)
	Expr : Expr . '/' Expr  (58)
	Expr : Expr . '%' Expr  (59)
	Expr : Expr . EQUAL Expr  (60)
	Expr : Expr . NOT_EQUAL Expr  (61)
	Expr : Expr . '<' Expr  (62)
	Expr : Expr . '>' Expr  (63)
	Expr : Expr . LESS_EQUAL Expr  (64)
	Expr : Expr LESS_EQUAL Expr .  (64)
	Expr : Expr . GREATER_EQUAL Expr  (65)
	Expr : Expr . AND Expr  (66)
	Expr : Expr . OR Expr  (67)

	'+'  shift 126
	'-'  shift 127
	'*'  shift 128
	'/'  shift 129
	'%'  shift 130
	'.'  shift 133
	'['  shift 134
	AND  reduce 64
	OR  reduce 64
	EQUAL  reduce 64
	NOT_EQUAL  reduce 64
	','  reduce 64
	';'  reduce 64
	')'  reduce 64
	']'  reduce 64
	':'  reduce 64


state 159
	Receiver : Expr . '.'  (47)
	LValue : Expr . '[' Expr ']'  (50)
	Expr : Expr . '+' Expr  (55)
	Expr : Expr . '-' Expr  (56)
	Expr : Expr . '*' Expr  (57)
	Expr : Expr . '/' Expr  (58)
	Expr : Expr . '%' Expr  (59)
	Expr : Expr . EQUAL Expr  (60)
	Expr : Expr . NOT_EQUAL Expr  (61)
	Expr : Expr . '<' Expr  (62)
	Expr : Expr . '>' Expr  (63)
	Expr : Expr . LESS_EQUAL Expr  (64)
	Expr : Expr . GREATER_EQUAL Expr  (65)
	Expr : Expr GREATER_EQUAL Expr .  (65)
	Expr : Expr . AND Expr  (66)
	Expr : Expr . OR Expr  (67)

	'+'  shift 126
	'-'  shift 127
	'*'  shift 128
	'/'  shift 129
	'%'  shift 130
	'.'  shift 133
	'['  shift 134
	AND  reduce 65
	OR  reduce 65
	EQUAL  reduce 65
	NOT_EQUAL  reduce 65
	','  reduce 65
	';'  reduce 65
	')'  reduce 65
	']'  reduce 65
	':'  reduce 65


state 160
	Receiver : Expr . '.'  (47)
	LValue : Expr . '[' Expr ']'  (50)
	Expr : Expr . '+' Expr  (55)
	Expr : Expr . '-' Expr  (56)
	Expr : Expr . '*' Expr  (57)
	Expr : Expr . '/' Expr  (58)
	Expr : Expr . '%' Expr  (59)
	Expr : Expr . EQUAL Expr  (60)
	Expr : Expr EQUAL Expr .  (60)
	Expr : Expr . NOT_EQUAL Expr  (61)
	Expr : Expr . '<' Expr  (62)
	Expr : Expr . '>' Expr  (63)
	Expr : Expr . LESS_EQUAL Expr  (64)
	Expr : Expr . GREATER_EQUAL Expr  (65)
	Expr : Expr . AND Expr  (66)
	Expr : Expr . OR Expr  (67)

	LESS_EQUAL  shift 122
	GREATER_EQUAL  shift 123
	'+'  shift 126
	'-'  shift 127
	'*'  shift 128
	'/'  shift 129
	'%'  shift 130
	'>'  shift 131
	'<'  shift 132
	'.'  shift 133
	'['  shift 134
	AND  reduce 60
	OR  reduce 60
	','  reduce 60
	';'  reduce 60
	')'  reduce 60
	']'  reduce 60
	':'  reduce 60


state 161
	Receiver : Expr . '.'  (47)
	LValue : Expr . '[' Expr ']'  (50)
	Expr : Expr . '+' Expr  (55)
	Expr : Expr . '-' Expr  (56)
	Expr : Expr . '*' Expr  (57)
	Expr : Expr . '/' Expr  (58)
	Expr : Expr . '%' Expr  (59)
	Expr : Expr . EQUAL Expr  (60)
	Expr : Expr . NOT_EQUAL Expr  (61)
	Expr : Expr NOT_EQUAL Expr .  (61)
	Expr : Expr . '<' Expr  (62)
	Expr : Expr . '>' Expr  (63)
	Expr : Expr . LESS_EQUAL Expr  (64)
	Expr : Expr . GREATER_EQUAL Expr  (65)
	Expr : Expr . AND Expr  (66)
	Expr : Expr . OR Expr  (67)

	LESS_EQUAL  shift 122
	GREATER_EQUAL  shift 123
	'+'  shift 126
	'-'  shift 127
	'*'  shift 128
	'/'  shift 129
	'%'  shift 130
	'>'  shift 131
	'<'  shift 132
	'.'  shift 133
	'['  shift 134
	AND  reduce 61
	OR  reduce 61
	','  reduce 61
	';'  reduce 61
	')'  reduce 61
	']'  reduce 61
	':'  reduce 61


state 162
	Receiver : Expr . '.'  (47)
	LValue : Expr . '[' Expr ']'  (50)
	Expr : Expr . '+' Expr  (55)
	Expr : Expr '+' Expr .  (55)
	Expr : Expr . '-' Expr  (56)
	Expr : Expr . '*' Expr  (57)
	Expr : Expr . '/' Expr  (58)
	Expr : Expr . '%' Expr  (59)
	Expr : Expr . EQUAL Expr  (60)
	Expr : Expr . NOT_EQUAL Expr  (61)
	Expr : Expr . '<' Expr  (62)
	Expr : Expr . '>' Expr  (63)
	Expr : Expr . LESS_EQUAL Expr  (64)
	Expr : Expr . GREATER_EQUAL Expr  (65)
	Expr : Expr . AND Expr  (66)
	Expr : Expr . OR Expr  (67)

	'*'  shift 128
	'/'  shift 129
	'%'  shift 130
	'.'  shift 133
	'['  shift 134
	AND  reduce 55
	OR  reduce 55
	LESS_EQUAL  reduce 55
	GREATER_EQUAL  reduce 55
	EQUAL  reduce 55
	NOT_EQUAL  reduce 55
	'+'  reduce 55
	'-'  reduce 55
	'>'  reduce 55
	'<'  reduce 55
	','  reduce 55
	';'  reduce 55
	')'  reduce 55
	']'  reduce 55
	':'  reduce 55


state 163
	Receiver : Expr . '.'  (47)
	LValue : Expr . '[' Expr ']'  (50)
	Expr : Expr . '+' Expr  (55)
	Expr : Expr . '-' Expr  (56)
	Expr : Expr '-' Expr .  (56)
	Expr : Expr . '*' Expr  (57)
	Expr : Expr . '/' Expr  (58)
	Expr : Expr . '%' Expr  (59)
	Expr : Expr . EQUAL Expr  (60)
	Expr : Expr . NOT_EQUAL Expr  (61)
	Expr : Expr . '<' Expr  (62)
	Expr : Expr . '>' Expr  (63)
	Expr : Expr . LESS_EQUAL Expr  (64)
	Expr : Expr . GREATER_EQUAL Expr  (65)
	Expr : Expr . AND Expr  (66)
	Expr : Expr . OR Expr  (67)

	'*'  shift 128
	'/'  shift 129
	'%'  shift 130
	'.'  shift 133
	'['  shift 134
	AND  reduce 56
	OR  reduce 56
	LESS_EQUAL  reduce 56
	GREATER_EQUAL  reduce 56
	EQUAL  reduce 56
	NOT_EQUAL  reduce 56
	'+'  reduce 56
	'-'  reduce 56
	'>'  reduce 56
	'<'  reduce 56
	','  reduce 56
	';'  reduce 56
	')'  reduce 56
	']'  reduce 56
	':'  reduce 56


state 164
	Receiver : Expr . '.'  (47)
	LValue : Expr . '[' Expr ']'  (50)
	Expr : Expr . '+' Expr  (55)
	Expr : Expr . '-' Expr  (56)
	Expr : Expr . '*' Expr  (57)
	Expr : Expr '*' Expr .  (57)
	Expr : Expr . '/' Expr  (58)
	Expr : Expr . '%' Expr  (59)
	Expr : Expr . EQUAL Expr  (60)
	Expr : Expr . NOT_EQUAL Expr  (61)
	Expr : Expr . '<' Expr  (62)
	Expr : Expr . '>' Expr  (63)
	Expr : Expr . LESS_EQUAL Expr  (64)
	Expr : Expr . GREATER_EQUAL Expr  (65)
	Expr : Expr . AND Expr  (66)
	Expr : Expr . OR Expr  (67)

	'.'  shift 133
	'['  shift 134
	AND  reduce 57
	OR  reduce 57
	LESS_EQUAL  reduce 57
	GREATER_EQUAL  reduce 57
	EQUAL  reduce 57
	NOT_EQUAL  reduce 57
	'+'  reduce 57
	'-'  reduce 57
	'*'  reduce 57
	'/'  reduce 57
	'%'  reduce 57
	'>'  reduce 57
	'<'  reduce 57
	','  reduce 57
	';'  reduce 57
	')'  reduce 57
	']'  reduce 57
	':'  reduce 57


state 165
	Receiver : Expr . '.'  (47)
	LValue : Expr . '[' Expr ']'  (50)
	Expr : Expr . '+' Expr  (55)
	Expr : Expr . '-' Expr  (56)
	Expr : Expr . '*' Expr  (57)
	Expr : Expr . '/' Expr  (58)
	Expr : Expr '/' Expr .  (58)
	Expr : Expr . '%' Expr  (59)
	Expr : Expr . EQUAL Expr  (60)
	Expr : Expr . NOT_EQUAL Expr  (61)
	Expr : Expr . '<' Expr  (62)
	Expr : Expr . '>' Expr  (63)
	Expr : Expr . LESS_EQUAL Expr  (64)
	Expr : Expr . GREATER_EQUAL Expr  (65)
	Expr : Expr . AND Expr  (66)
	Expr : Expr . OR Expr  (67)

	'.'  shift 133
	'['  shift 134
	AND  reduce 58
	OR  reduce 58
	LESS_EQUAL  reduce 58
	GREATER_EQUAL  reduce 58
	EQUAL  reduce 58
	NOT_EQUAL  reduce 58
	'+'  reduce 58
	'-'  reduce 58
	'*'  reduce 58
	'/'  reduce 58
	'%'  reduce 58
	'>'  reduce 58
	'<'  reduce 58
	','  reduce 58
	';'  reduce 58
	')'  reduce 58
	']'  reduce 58
	':'  reduce 58


state 166
	Receiver : Expr . '.'  (47)
	LValue : Expr . '[' Expr ']'  (50)
	Expr : Expr . '+' Expr  (55)
	Expr : Expr . '-' Expr  (56)
	Expr : Expr . '*' Expr  (57)
	Expr : Expr . '/' Expr  (58)
	Expr : Expr . '%' Expr  (59)
	Expr : Expr '%' Expr .  (59)
	Expr : Expr . EQUAL Expr  (60)
	Expr : Expr . NOT_EQUAL Expr  (61)
	Expr : Expr . '<' Expr  (62)
	Expr : Expr . '>' Expr  (63)
	Expr : Expr . LESS_EQUAL Expr  (64)
	Expr : Expr . GREATER_EQUAL Expr  (65)
	Expr : Expr . AND Expr  (66)
	Expr : Expr . OR Expr  (67)

	'.'  shift 133
	'['  shift 134
	AND  reduce 59
	OR  reduce 59
	LESS_EQUAL  reduce 59
	GREATER_EQUAL  reduce 59
	EQUAL  reduce 59
	NOT_EQUAL  reduce 59
	'+'  reduce 59
	'-'  reduce 59
	'*'  reduce 59
	'/'  reduce 59
	'%'  reduce 59
	'>'  reduce 59
	'<'  reduce 59
	','  reduce 59
	';'  reduce 59
	')'  reduce 59
	']'  reduce 59
	':'  reduce 59


state 167
	Receiver : Expr . '.'  (47)
	LValue : Expr . '[' Expr ']'  (50)
	Expr : Expr . '+' Expr  (55)
	Expr : Expr . '-' Expr  (56)
	Expr : Expr . '*' Expr  (57)
	Expr : Expr . '/' Expr  (58)
	Expr : Expr . '%' Expr  (59)
	Expr : Expr . EQUAL Expr  (60)
	Expr : Expr . NOT_EQUAL Expr  (61)
	Expr : Expr . '<' Expr  (62)
	Expr : Expr . '>' Expr  (63)
	Expr : Expr '>' Expr .  (63)
	Expr : Expr . LESS_EQUAL Expr  (64)
	Expr : Expr . GREATER_EQUAL Expr  (65)
	Expr : Expr . AND Expr  (66)
	Expr : Expr . OR Expr  (67)

	'+'  shift 126
	'-'  shift 127
	'*'  shift 128
	'/'  shift 129
	'%'  shift 130
	'.'  shift 133
	'['  shift 134
	AND  reduce 63
	OR  reduce 63
	EQUAL  reduce 63
	NOT_EQUAL  reduce 63
	','  reduce 63
	';'  reduce 63
	')'  reduce 63
	']'  reduce 63
	':'  reduce 63


state 168
	Receiver : Expr . '.'  (47)
	LValue : Expr . '[' Expr ']'  (50)
	Expr : Expr . '+' Expr  (55)
	Expr : Expr . '-' Expr  (56)
	Expr : Expr . '*' Expr  (57)
	Expr : Expr . '/' Expr  (58)
	Expr : Expr . '%' Expr  (59)
	Expr : Expr . EQUAL Expr  (60)
	Expr : Expr . NOT_EQUAL Expr  (61)
	Expr : Expr . '<' Expr  (62)
	Expr : Expr '<' Expr .  (62)
	Expr : Expr . '>' Expr  (63)
	Expr : Expr . LESS_EQUAL Expr  (64)
	Expr : Expr . GREATER_EQUAL Expr  (65)
	Expr : Expr . AND Expr  (66)
	Expr : Expr . OR Expr  (67)

	'+'  shift 126
	'-'  shift 127
	'*'  shift 128
	'/'  shift 129
	'%'  shift 130
	'.'  shift 133
	'['  shift 134
	AND  reduce 62
	OR  reduce 62
	EQUAL  reduce 62
	NOT_EQUAL  reduce 62
	','  reduce 62
	';'  reduce 62
	')'  reduce 62
	']'  reduce 62
	':'  reduce 62


state 169
	Receiver : Expr . '.'  (47)
	LValue : Expr . '[' Expr ']'  (50)
	LValue : Expr '[' Expr . ']'  (50)
	Expr : Expr . '+' Expr  (55)
	Expr : Expr . '-' Expr  (56)
	Expr : Expr . '*' Expr  (57)
	Expr : Expr . '/' Expr  (58)
	Expr : Expr . '%' Expr  (59)
	Expr : Expr . EQUAL Expr  (60)
	Expr : Expr . NOT_EQUAL Expr  (61)
	Expr : Expr . '<' Expr  (62)
	Expr : Expr . '>' Expr  (63)
	Expr : Expr . LESS_EQUAL Expr  (64)
	Expr : Expr . GREATER_EQUAL Expr  (65)
	Expr : Expr . AND Expr  (66)
	Expr : Expr . OR Expr  (67)

	AND  shift 120
	OR  shift 121
	LESS_EQUAL  shift 122
	GREATER_EQUAL  shift 123
	EQUAL  shift 124
	NOT_EQUAL  shift 125
	'+'  shift 126
	'-'  shift 127
	'*'  shift 128
	'/'  shift 129
	'%'  shift 130
	'>'  shift 131
	'<'  shift 132
	'.'  shift 133
	'['  shift 134
	']'  shift 187
	.  error


state 170
	Call : Receiver IDENTIFIER '(' . Actuals ')'  (51)
	Receiver : .  (48)
	Actuals : .  (89)

	NULL  shift 47
	THIS  shift 48
	NEW  shift 54
	READ_INTEGER  shift 57
	READ_LINE  shift 58
	LITERAL  shift 59
	INSTANCEOF  shift 60
	'-'  shift 61
	'!'  shift 62
	'('  shift 63
	CASE  shift 65
	SUPER  shift 66
	DCOPY  shift 68
	SCOPY  shift 69
	'@'  shift 70
	'#'  shift 71
	'$'  shift 72
	IDENTIFIER  reduce 48
	')'  reduce 89

	LValue  goto 93
	Expr  goto 141
	Call  goto 95
	Receiver  goto 88
	Actuals  goto 188
	Constant  goto 89
	ExprList  goto 189


state 171
	WhileStmt : WHILE '(' Expr ')' . Stmt  (92)
	SimpleStmt : .  (41)
	Receiver : .  (48)

	VOID  shift 12
	BOOL  shift 13
	INT  shift 14
	STRING  shift 15
	CLASS  shift 16
	NULL  shift 47
	THIS  shift 48
	WHILE  shift 49
	FOR  shift 50
	IF  shift 51
	RETURN  shift 52
	BREAK  shift 53
	NEW  shift 54
	PRINT  shift 55
	PRINTCOMP  shift 56
	READ_INTEGER  shift 57
	READ_LINE  shift 58
	LITERAL  shift 59
	INSTANCEOF  shift 60
	'-'  shift 61
	'!'  shift 62
	'('  shift 63
	'{'  shift 42
	COMPLEX  shift 19
	CASE  shift 65
	SUPER  shift 66
	DO  shift 67
	DCOPY  shift 68
	SCOPY  shift 69
	'@'  shift 70
	'#'  shift 71
	'$'  shift 72
	IDENTIFIER  reduce 48
	';'  reduce 41

	VariableDef  goto 73
	Variable  goto 21
	Type  goto 34
	StmtBlock  goto 74
	Stmt  goto 190
	SimpleStmt  goto 76
	IfStmt  goto 77
	WhileStmt  goto 78
	ForStmt  goto 79
	ReturnStmt  goto 80
	PrintStmt  goto 81
	PrintCompStmt  goto 82
	BreakStmt  goto 83
	DoStmt  goto 84
	LValue  goto 85
	Expr  goto 86
	Call  goto 87
	Receiver  goto 88
	Constant  goto 89


state 172
	ForStmt : FOR '(' SimpleStmt ';' . Expr ';' SimpleStmt ')' Stmt  (93)
	Receiver : .  (48)

	NULL  shift 47
	THIS  shift 48
	NEW  shift 54
	READ_INTEGER  shift 57
	READ_LINE  shift 58
	LITERAL  shift 59
	INSTANCEOF  shift 60
	'-'  shift 61
	'!'  shift 62
	'('  shift 63
	CASE  shift 65
	SUPER  shift 66
	DCOPY  shift 68
	SCOPY  shift 69
	'@'  shift 70
	'#'  shift 71
	'$'  shift 72
	IDENTIFIER  reduce 48

	LValue  goto 93
	Expr  goto 191
	Call  goto 95
	Receiver  goto 88
	Constant  goto 89


state 173
	IfStmt : IF '(' Expr ')' . Stmt ElseClause  (95)
	SimpleStmt : .  (41)
	Receiver : .  (48)

	VOID  shift 12
	BOOL  shift 13
	INT  shift 14
	STRING  shift 15
	CLASS  shift 16
	NULL  shift 47
	THIS  shift 48
	WHILE  shift 49
	FOR  shift 50
	IF  shift 51
	RETURN  shift 52
	BREAK  shift 53
	NEW  shift 54
	PRINT  shift 55
	PRINTCOMP  shift 56
	READ_INTEGER  shift 57
	READ_LINE  shift 58
	LITERAL  shift 59
	INSTANCEOF  shift 60
	'-'  shift 61
	'!'  shift 62
	'('  shift 63
	'{'  shift 42
	COMPLEX  shift 19
	CASE  shift 65
	SUPER  shift 66
	DO  shift 67
	DCOPY  shift 68
	SCOPY  shift 69
	'@'  shift 70
	'#'  shift 71
	'$'  shift 72
	IDENTIFIER  reduce 48
	';'  reduce 41

	VariableDef  goto 73
	Variable  goto 21
	Type  goto 34
	StmtBlock  goto 74
	Stmt  goto 192
	SimpleStmt  goto 76
	IfStmt  goto 77
	WhileStmt  goto 78
	ForStmt  goto 79
	ReturnStmt  goto 80
	PrintStmt  goto 81
	PrintCompStmt  goto 82
	BreakStmt  goto 83
	DoStmt  goto 84
	LValue  goto 85
	Expr  goto 86
	Call  goto 87
	Receiver  goto 88
	Constant  goto 89


state 174
	Expr : NEW IDENTIFIER '(' ')' .  (78)

	.  reduce 78


state 175
	Receiver : Expr . '.'  (47)
	LValue : Expr . '[' Expr ']'  (50)
	Expr : Expr . '+' Expr  (55)
	Expr : Expr . '-' Expr  (56)
	Expr : Expr . '*' Expr  (57)
	Expr : Expr . '/' Expr  (58)
	Expr : Expr . '%' Expr  (59)
	Expr : Expr . EQUAL Expr  (60)
	Expr : Expr . NOT_EQUAL Expr  (61)
	Expr : Expr . '<' Expr  (62)
	Expr : Expr . '>' Expr  (63)
	Expr : Expr . LESS_EQUAL Expr  (64)
	Expr : Expr . GREATER_EQUAL Expr  (65)
	Expr : Expr . AND Expr  (66)
	Expr : Expr . OR Expr  (67)
	Expr : NEW Type '[' Expr . ']'  (79)

	AND  shift 120
	OR  shift 121
	LESS_EQUAL  shift 122
	GREATER_EQUAL  shift 123
	EQUAL  shift 124
	NOT_EQUAL  shift 125
	'+'  shift 126
	'-'  shift 127
	'*'  shift 128
	'/'  shift 129
	'%'  shift 130
	'>'  shift 131
	'<'  shift 132
	'.'  shift 133
	'['  shift 134
	']'  shift 193
	.  error


state 176
	ExprList : ExprList ',' . Expr  (90)
	Receiver : .  (48)

	NULL  shift 47
	THIS  shift 48
	NEW  shift 54
	READ_INTEGER  shift 57
	READ_LINE  shift 58
	LITERAL  shift 59
	INSTANCEOF  shift 60
	'-'  shift 61
	'!'  shift 62
	'('  shift 63
	CASE  shift 65
	SUPER  shift 66
	DCOPY  shift 68
	SCOPY  shift 69
	'@'  shift 70
	'#'  shift 71
	'$'  shift 72
	IDENTIFIER  reduce 48

	LValue  goto 93
	Expr  goto 194
	Call  goto 95
	Receiver  goto 88
	Constant  goto 89


state 177
	PrintStmt : PRINT '(' ExprList ')' .  (104)

	.  reduce 104


state 178
	PrintCompStmt : PRINTCOMP '(' ExprList ')' .  (105)

	.  reduce 105


state 179
	Expr : INSTANCEOF '(' Expr ',' . IDENTIFIER ')'  (80)

	IDENTIFIER  shift 195
	.  error


state 180
	Expr : '(' CLASS IDENTIFIER ')' . Expr  (81)
	Receiver : .  (48)

	NULL  shift 47
	THIS  shift 48
	NEW  shift 54
	READ_INTEGER  shift 57
	READ_LINE  shift 58
	LITERAL  shift 59
	INSTANCEOF  shift 60
	'-'  shift 61
	'!'  shift 62
	'('  shift 63
	CASE  shift 65
	SUPER  shift 66
	DCOPY  shift 68
	SCOPY  shift 69
	'@'  shift 70
	'#'  shift 71
	'$'  shift 72
	IDENTIFIER  reduce 48

	LValue  goto 93
	Expr  goto 196
	Call  goto 95
	Receiver  goto 88
	Constant  goto 89


state 181
	Expr : CASE '(' Expr ')' . '{' CaseItems DefaultItem '}'  (82)
	Expr : CASE '(' Expr ')' . '{' DefaultItem '}'  (83)

	'{'  shift 197
	.  error


state 182
	DoSubStmt : Expr ':' . Stmt  (43)
	SimpleStmt : .  (41)
	Receiver : .  (48)

	VOID  shift 12
	BOOL  shift 13
	INT  shift 14
	STRING  shift 15
	CLASS  shift 16
	NULL  shift 47
	THIS  shift 48
	WHILE  shift 49
	FOR  shift 50
	IF  shift 51
	RETURN  shift 52
	BREAK  shift 53
	NEW  shift 54
	PRINT  shift 55
	PRINTCOMP  shift 56
	READ_INTEGER  shift 57
	READ_LINE  shift 58
	LITERAL  shift 59
	INSTANCEOF  shift 60
	'-'  shift 61
	'!'  shift 62
	'('  shift 63
	'{'  shift 42
	COMPLEX  shift 19
	CASE  shift 65
	SUPER  shift 66
	DO  shift 67
	DCOPY  shift 68
	SCOPY  shift 69
	'@'  shift 70
	'#'  shift 71
	'$'  shift 72
	IDENTIFIER  reduce 48
	';'  reduce 41

	VariableDef  goto 73
	Variable  goto 21
	Type  goto 34
	StmtBlock  goto 74
	Stmt  goto 198
	SimpleStmt  goto 76
	IfStmt  goto 77
	WhileStmt  goto 78
	ForStmt  goto 79
	ReturnStmt  goto 80
	PrintStmt  goto 81
	PrintCompStmt  goto 82
	BreakStmt  goto 83
	DoStmt  goto 84
	LValue  goto 85
	Expr  goto 86
	Call  goto 87
	Receiver  goto 88
	Constant  goto 89


state 183
	DoStmt : DO DoBranchList DoSubStmt OD .  (42)

	.  reduce 42


state 184
	DoBranch : DoSubStmt DO_SEP .  (44)

	.  reduce 44


state 185
	Expr : DCOPY '(' Expr ')' .  (84)

	.  reduce 84


state 186
	Expr : SCOPY '(' Expr ')' .  (85)

	.  reduce 85


state 187
	LValue : Expr '[' Expr ']' .  (50)

	.  reduce 50


state 188
	Call : Receiver IDENTIFIER '(' Actuals . ')'  (51)

	')'  shift 199
	.  error


state 189
	Actuals : ExprList .  (88)
	ExprList : ExprList . ',' Expr  (90)

	','  shift 176
	')'  reduce 88


state 190
	WhileStmt : WHILE '(' Expr ')' Stmt .  (92)

	.  reduce 92


state 191
	Receiver : Expr . '.'  (47)
	LValue : Expr . '[' Expr ']'  (50)
	Expr : Expr . '+' Expr  (55)
	Expr : Expr . '-' Expr  (56)
	Expr : Expr . '*' Expr  (57)
	Expr : Expr . '/' Expr  (58)
	Expr : Expr . '%' Expr  (59)
	Expr : Expr . EQUAL Expr  (60)
	Expr : Expr . NOT_EQUAL Expr  (61)
	Expr : Expr . '<' Expr  (62)
	Expr : Expr . '>' Expr  (63)
	Expr : Expr . LESS_EQUAL Expr  (64)
	Expr : Expr . GREATER_EQUAL Expr  (65)
	Expr : Expr . AND Expr  (66)
	Expr : Expr . OR Expr  (67)
	ForStmt : FOR '(' SimpleStmt ';' Expr . ';' SimpleStmt ')' Stmt  (93)

	AND  shift 120
	OR  shift 121
	LESS_EQUAL  shift 122
	GREATER_EQUAL  shift 123
	EQUAL  shift 124
	NOT_EQUAL  shift 125
	'+'  shift 126
	'-'  shift 127
	'*'  shift 128
	'/'  shift 129
	'%'  shift 130
	'>'  shift 131
	'<'  shift 132
	'.'  shift 133
	';'  shift 200
	'['  shift 134
	.  error


state 192
	IfStmt : IF '(' Expr ')' Stmt . ElseClause  (95)
	ElseClause : .  (101)

	ELSE  shift 201
	VOID  reduce 101
	BOOL  reduce 101
	INT  reduce 101
	STRING  reduce 101
	CLASS  reduce 101
	NULL  reduce 101
	THIS  reduce 101
	WHILE  reduce 101
	FOR  reduce 101
	IF  reduce 101
	RETURN  reduce 101
	BREAK  reduce 101
	NEW  reduce 101
	PRINT  reduce 101
	PRINTCOMP  reduce 101
	READ_INTEGER  reduce 101
	READ_LINE  reduce 101
	LITERAL  reduce 101
	IDENTIFIER  reduce 101
	INSTANCEOF  reduce 101
	'-'  reduce 101
	';'  reduce 101
	'!'  reduce 101
	'('  reduce 101
	'{'  reduce 101
	'}'  reduce 101
	COMPLEX  reduce 101
	CASE  reduce 101
	SUPER  reduce 101
	DO  reduce 101
	OD  reduce 101
	DO_SEP  reduce 101
	DCOPY  reduce 101
	SCOPY  reduce 101
	'@'  reduce 101
	'#'  reduce 101
	'$'  reduce 101

	ElseClause  goto 202


state 193
	Expr : NEW Type '[' Expr ']' .  (79)

	.  reduce 79


state 194
	Receiver : Expr . '.'  (47)
	LValue : Expr . '[' Expr ']'  (50)
	Expr : Expr . '+' Expr  (55)
	Expr : Expr . '-' Expr  (56)
	Expr : Expr . '*' Expr  (57)
	Expr : Expr . '/' Expr  (58)
	Expr : Expr . '%' Expr  (59)
	Expr : Expr . EQUAL Expr  (60)
	Expr : Expr . NOT_EQUAL Expr  (61)
	Expr : Expr . '<' Expr  (62)
	Expr : Expr . '>' Expr  (63)
	Expr : Expr . LESS_EQUAL Expr  (64)
	Expr : Expr . GREATER_EQUAL Expr  (65)
	Expr : Expr . AND Expr  (66)
	Expr : Expr . OR Expr  (67)
	ExprList : ExprList ',' Expr .  (90)

	AND  shift 120
	OR  shift 121
	LESS_EQUAL  shift 122
	GREATER_EQUAL  shift 123
	EQUAL  shift 124
	NOT_EQUAL  shift 125
	'+'  shift 126
	'-'  shift 127
	'*'  shift 128
	'/'  shift 129
	'%'  shift 130
	'>'  shift 131
	'<'  shift 132
	'.'  shift 133
	'['  shift 134
	','  reduce 90
	')'  reduce 90


state 195
	Expr : INSTANCEOF '(' Expr ',' IDENTIFIER . ')'  (80)

	')'  shift 203
	.  error


state 196
	Receiver : Expr . '.'  (47)
	LValue : Expr . '[' Expr ']'  (50)
	Expr : Expr . '+' Expr  (55)
	Expr : Expr . '-' Expr  (56)
	Expr : Expr . '*' Expr  (57)
	Expr : Expr . '/' Expr  (58)
	Expr : Expr . '%' Expr  (59)
	Expr : Expr . EQUAL Expr  (60)
	Expr : Expr . NOT_EQUAL Expr  (61)
	Expr : Expr . '<' Expr  (62)
	Expr : Expr . '>' Expr  (63)
	Expr : Expr . LESS_EQUAL Expr  (64)
	Expr : Expr . GREATER_EQUAL Expr  (65)
	Expr : Expr . AND Expr  (66)
	Expr : Expr . OR Expr  (67)
	Expr : '(' CLASS IDENTIFIER ')' Expr .  (81)

	.  reduce 81


state 197
	Expr : CASE '(' Expr ')' '{' . CaseItems DefaultItem '}'  (82)
	Expr : CASE '(' Expr ')' '{' . DefaultItem '}'  (83)

	NULL  shift 47
	LITERAL  shift 59
	DEFAULT  shift 204
	.  error

	Constant  goto 205
	CaseItems  goto 206
	DefaultItem  goto 207
	CaseItem  goto 208


state 198
	DoSubStmt : Expr ':' Stmt .  (43)

	.  reduce 43


state 199
	Call : Receiver IDENTIFIER '(' Actuals ')' .  (51)

	.  reduce 51


state 200
	ForStmt : FOR '(' SimpleStmt ';' Expr ';' . SimpleStmt ')' Stmt  (93)
	SimpleStmt : .  (41)
	Receiver : .  (48)

	NULL  shift 47
	THIS  shift 48
	NEW  shift 54
	READ_INTEGER  shift 57
	READ_LINE  shift 58
	LITERAL  shift 59
	INSTANCEOF  shift 60
	'-'  shift 61
	'!'  shift 62
	'('  shift 63
	CASE  shift 65
	SUPER  shift 66
	DCOPY  shift 68
	SCOPY  shift 69
	'@'  shift 70
	'#'  shift 71
	'$'  shift 72
	IDENTIFIER  reduce 48
	')'  reduce 41

	SimpleStmt  goto 209
	LValue  goto 85
	Expr  goto 86
	Call  goto 87
	Receiver  goto 88
	Constant  goto 89


state 201
	ElseClause : ELSE . Stmt  (100)
	SimpleStmt : .  (41)
	Receiver : .  (48)

	VOID  shift 12
	BOOL  shift 13
	INT  shift 14
	STRING  shift 15
	CLASS  shift 16
	NULL  shift 47
	THIS  shift 48
	WHILE  shift 49
	FOR  shift 50
	IF  shift 51
	RETURN  shift 52
	BREAK  shift 53
	NEW  shift 54
	PRINT  shift 55
	PRINTCOMP  shift 56
	READ_INTEGER  shift 57
	READ_LINE  shift 58
	LITERAL  shift 59
	INSTANCEOF  shift 60
	'-'  shift 61
	'!'  shift 62
	'('  shift 63
	'{'  shift 42
	COMPLEX  shift 19
	CASE  shift 65
	SUPER  shift 66
	DO  shift 67
	DCOPY  shift 68
	SCOPY  shift 69
	'@'  shift 70
	'#'  shift 71
	'$'  shift 72
	IDENTIFIER  reduce 48
	';'  reduce 41

	VariableDef  goto 73
	Variable  goto 21
	Type  goto 34
	StmtBlock  goto 74
	Stmt  goto 210
	SimpleStmt  goto 76
	IfStmt  goto 77
	WhileStmt  goto 78
	ForStmt  goto 79
	ReturnStmt  goto 80
	PrintStmt  goto 81
	PrintCompStmt  goto 82
	BreakStmt  goto 83
	DoStmt  goto 84
	LValue  goto 85
	Expr  goto 86
	Call  goto 87
	Receiver  goto 88
	Constant  goto 89


state 202
	IfStmt : IF '(' Expr ')' Stmt ElseClause .  (95)

	.  reduce 95


state 203
	Expr : INSTANCEOF '(' Expr ',' IDENTIFIER ')' .  (80)

	.  reduce 80


state 204
	DefaultItem : DEFAULT . ':' Expr ';'  (97)

	':'  shift 211
	.  error


state 205
	CaseItem : Constant . ':' Expr ';'  (96)

	':'  shift 212
	.  error


state 206
	Expr : CASE '(' Expr ')' '{' CaseItems . DefaultItem '}'  (82)
	CaseItems : CaseItems . CaseItem  (98)

	NULL  shift 47
	LITERAL  shift 59
	DEFAULT  shift 204
	.  error

	Constant  goto 205
	DefaultItem  goto 213
	CaseItem  goto 214


state 207
	Expr : CASE '(' Expr ')' '{' DefaultItem . '}'  (83)

	'}'  shift 215
	.  error


state 208
	CaseItems : CaseItem .  (99)

	.  reduce 99


state 209
	ForStmt : FOR '(' SimpleStmt ';' Expr ';' SimpleStmt . ')' Stmt  (93)

	')'  shift 216
	.  error


state 210
	ElseClause : ELSE Stmt .  (100)

	.  reduce 100


state 211
	DefaultItem : DEFAULT ':' . Expr ';'  (97)
	Receiver : .  (48)

	NULL  shift 47
	THIS  shift 48
	NEW  shift 54
	READ_INTEGER  shift 57
	READ_LINE  shift 58
	LITERAL  shift 59
	INSTANCEOF  shift 60
	'-'  shift 61
	'!'  shift 62
	'('  shift 63
	CASE  shift 65
	SUPER  shift 66
	DCOPY  shift 68
	SCOPY  shift 69
	'@'  shift 70
	'#'  shift 71
	'$'  shift 72
	IDENTIFIER  reduce 48

	LValue  goto 93
	Expr  goto 217
	Call  goto 95
	Receiver  goto 88
	Constant  goto 89


state 212
	CaseItem : Constant ':' . Expr ';'  (96)
	Receiver : .  (48)

	NULL  shift 47
	THIS  shift 48
	NEW  shift 54
	READ_INTEGER  shift 57
	READ_LINE  shift 58
	LITERAL  shift 59
	INSTANCEOF  shift 60
	'-'  shift 61
	'!'  shift 62
	'('  shift 63
	CASE  shift 65
	SUPER  shift 66
	DCOPY  shift 68
	SCOPY  shift 69
	'@'  shift 70
	'#'  shift 71
	'$'  shift 72
	IDENTIFIER  reduce 48

	LValue  goto 93
	Expr  goto 218
	Call  goto 95
	Receiver  goto 88
	Constant  goto 89


state 213
	Expr : CASE '(' Expr ')' '{' CaseItems DefaultItem . '}'  (82)

	'}'  shift 219
	.  error


state 214
	CaseItems : CaseItems CaseItem .  (98)

	.  reduce 98


state 215
	Expr : CASE '(' Expr ')' '{' DefaultItem '}' .  (83)

	.  reduce 83


state 216
	ForStmt : FOR '(' SimpleStmt ';' Expr ';' SimpleStmt ')' . Stmt  (93)
	SimpleStmt : .  (41)
	Receiver : .  (48)

	VOID  shift 12
	BOOL  shift 13
	INT  shift 14
	STRING  shift 15
	CLASS  shift 16
	NULL  shift 47
	THIS  shift 48
	WHILE  shift 49
	FOR  shift 50
	IF  shift 51
	RETURN  shift 52
	BREAK  shift 53
	NEW  shift 54
	PRINT  shift 55
	PRINTCOMP  shift 56
	READ_INTEGER  shift 57
	READ_LINE  shift 58
	LITERAL  shift 59
	INSTANCEOF  shift 60
	'-'  shift 61
	'!'  shift 62
	'('  shift 63
	'{'  shift 42
	COMPLEX  shift 19
	CASE  shift 65
	SUPER  shift 66
	DO  shift 67
	DCOPY  shift 68
	SCOPY  shift 69
	'@'  shift 70
	'#'  shift 71
	'$'  shift 72
	IDENTIFIER  reduce 48
	';'  reduce 41

	VariableDef  goto 73
	Variable  goto 21
	Type  goto 34
	StmtBlock  goto 74
	Stmt  goto 220
	SimpleStmt  goto 76
	IfStmt  goto 77
	WhileStmt  goto 78
	ForStmt  goto 79
	ReturnStmt  goto 80
	PrintStmt  goto 81
	PrintCompStmt  goto 82
	BreakStmt  goto 83
	DoStmt  goto 84
	LValue  goto 85
	Expr  goto 86
	Call  goto 87
	Receiver  goto 88
	Constant  goto 89


state 217
	Receiver : Expr . '.'  (47)
	LValue : Expr . '[' Expr ']'  (50)
	Expr : Expr . '+' Expr  (55)
	Expr : Expr . '-' Expr  (56)
	Expr : Expr . '*' Expr  (57)
	Expr : Expr . '/' Expr  (58)
	Expr : Expr . '%' Expr  (59)
	Expr : Expr . EQUAL Expr  (60)
	Expr : Expr . NOT_EQUAL Expr  (61)
	Expr : Expr . '<' Expr  (62)
	Expr : Expr . '>' Expr  (63)
	Expr : Expr . LESS_EQUAL Expr  (64)
	Expr : Expr . GREATER_EQUAL Expr  (65)
	Expr : Expr . AND Expr  (66)
	Expr : Expr . OR Expr  (67)
	DefaultItem : DEFAULT ':' Expr . ';'  (97)

	AND  shift 120
	OR  shift 121
	LESS_EQUAL  shift 122
	GREATER_EQUAL  shift 123
	EQUAL  shift 124
	NOT_EQUAL  shift 125
	'+'  shift 126
	'-'  shift 127
	'*'  shift 128
	'/'  shift 129
	'%'  shift 130
	'>'  shift 131
	'<'  shift 132
	'.'  shift 133
	';'  shift 221
	'['  shift 134
	.  error


state 218
	Receiver : Expr . '.'  (47)
	LValue : Expr . '[' Expr ']'  (50)
	Expr : Expr . '+' Expr  (55)
	Expr : Expr . '-' Expr  (56)
	Expr : Expr . '*' Expr  (57)
	Expr : Expr . '/' Expr  (58)
	Expr : Expr . '%' Expr  (59)
	Expr : Expr . EQUAL Expr  (60)
	Expr : Expr . NOT_EQUAL Expr  (61)
	Expr : Expr . '<' Expr  (62)
	Expr : Expr . '>' Expr  (63)
	Expr : Expr . LESS_EQUAL Expr  (64)
	Expr : Expr . GREATER_EQUAL Expr  (65)
	Expr : Expr . AND Expr  (66)
	Expr : Expr . OR Expr  (67)
	CaseItem : Constant ':' Expr . ';'  (96)

	AND  shift 120
	OR  shift 121
	LESS_EQUAL  shift 122
	GREATER_EQUAL  shift 123
	EQUAL  shift 124
	NOT_EQUAL  shift 125
	'+'  shift 126
	'-'  shift 127
	'*'  shift 128
	'/'  shift 129
	'%'  shift 130
	'>'  shift 131
	'<'  shift 132
	'.'  shift 133
	';'  shift 222
	'['  shift 134
	.  error


state 219
	Expr : CASE '(' Expr ')' '{' CaseItems DefaultItem '}' .  (82)

	.  reduce 82


state 220
	ForStmt : FOR '(' SimpleStmt ';' Expr ';' SimpleStmt ')' Stmt .  (93)

	.  reduce 93


state 221
	DefaultItem : DEFAULT ':' Expr ';' .  (97)

	.  reduce 97


state 222
	CaseItem : Constant ':' Expr ';' .  (96)

	.  reduce 96


64 terminals, 38 nonterminals
106 grammar rules, 223 states
